This is pdfTeX, Version 3.14159265-2.6-1.40.20 (MiKTeX 2.9.7050) (preloaded format=pdflatex 2019.3.31)  26 JUN 2019 18:59
entering extended mode
**./plan-tesis.tex
(plan-tesis.tex
LaTeX2e <2018-12-01>
("C:\Lgs\LaTeX\MiKTeX 2.9\tex/latex/memoir\memoir.cls"
Document Class: memoir 2018/12/12 v3.7h configurable book, report, article docu
ment class
\onelineskip=\skip41
\lxvchars=\skip42
\xlvchars=\skip43
\@memcnta=\count80
\c@@memmarkcntra=\count81
("C:\Lgs\LaTeX\MiKTeX 2.9\tex/generic/oberdiek\ifpdf.sty"
Package: ifpdf 2018/09/07 v3.3 Provides the ifpdf switch
)
("C:\Lgs\LaTeX\MiKTeX 2.9\tex/latex/ifetex\ifetex.sty"
Package: ifetex 2018/03/31 v1.2a ifetex

("C:\Lgs\LaTeX\MiKTeX 2.9\tex/plain/ifetex\ifetex.tex"))
("C:\Lgs\LaTeX\MiKTeX 2.9\tex/generic/ifxetex\ifxetex.sty"
Package: ifxetex 2010/09/12 v0.6 Provides ifxetex conditional
)
("C:\Lgs\LaTeX\MiKTeX 2.9\tex/generic/oberdiek\ifluatex.sty"
Package: ifluatex 2016/05/16 v1.4 Provides the ifluatex switch (HO)
Package ifluatex Info: LuaTeX not detected.
)
\stockheight=\skip44
\stockwidth=\skip45
\trimtop=\skip46
\trimedge=\skip47

("C:\Lgs\LaTeX\MiKTeX 2.9\tex/latex/base\fleqn.clo"
File: fleqn.clo 2016/12/29 v1.2b Standard LaTeX option (flush left equations)
\mathindent=\dimen102
Applying: [2015/01/01] Make \[ robust on input line 50.
LaTeX Info: Redefining \[ on input line 51.
Already applied: [0000/00/00] Make \[ robust on input line 62.
Applying: [2015/01/01] Make \] robust on input line 74.
LaTeX Info: Redefining \] on input line 75.
Already applied: [0000/00/00] Make \] robust on input line 83.
)
("C:\Lgs\LaTeX\MiKTeX 2.9\tex/latex/memoir\mem11.clo"
File: mem11.clo 2008/01/30 v0.3 memoir class 11pt size option
)
\binding=\skip48
\spinemargin=\skip49
\foremargin=\skip50
\uppermargin=\skip51
\lowermargin=\skip52
\headdrop=\skip53
\normalrulethickness=\skip54
\mem@maxheadheight=\skip55
\mem@maxfootheight=\skip56
\headwidth=\skip57
\c@storedpagenumber=\count82
\memPD=\dimen103
\m@mabparskip=\skip58
\thanksmarkwidth=\skip59
\thanksmarksep=\skip60
\droptitle=\skip61
\c@book=\count83
\c@part=\count84
\c@chapter=\count85
\c@section=\count86
\c@subsection=\count87
\c@subsubsection=\count88
\c@paragraph=\count89
\c@subparagraph=\count90
\beforechapskip=\skip62
\midchapskip=\skip63
\afterchapskip=\skip64
\chapindent=\skip65
\bottomsectionskip=\skip66
\secindent=\skip67
\beforesecskip=\skip68
\aftersecskip=\skip69
\subsecindent=\skip70
\beforesubsecskip=\skip71
\aftersubsecskip=\skip72
\subsubsecindent=\skip73
\beforesubsubsecskip=\skip74
\aftersubsubsecskip=\skip75
\paraindent=\skip76
\beforeparaskip=\skip77
\afterparaskip=\skip78
\subparaindent=\skip79
\beforesubparaskip=\skip80
\aftersubparaskip=\skip81
\pfbreakskip=\skip82
\c@@ppsavesec=\count91
\c@@ppsaveapp=\count92
\ragrparindent=\dimen104
\everylistparindent=\dimen105
\parsepi=\skip83
\topsepi=\skip84
\itemsepi=\skip85
\parsepii=\skip86
\topsepii=\skip87
\topsepiii=\skip88
\itemsepii=\skip89
\itemsepiii=\skip90
\partopsepii=\skip91
\partopsepiii=\skip92
\m@msavetopsep=\skip93
\m@msavepartopsep=\skip94
\@enLab=\toks14
\abstitleskip=\skip95
\absleftindent=\skip96
\abs@leftindent=\dimen106
\absrightindent=\skip97
\absparindent=\skip98
\absparsep=\skip99
\c@vslineno=\count93
\c@poemline=\count94
\c@modulo@vs=\count95
\c@memfvsline=\count96
\vleftskip=\skip100
\vrightskip=\skip101
\stanzaskip=\skip102
\versewidth=\skip103
\vgap=\skip104
\vindent=\skip105
\vleftmargin=\dimen107
\c@verse=\count97
\c@chrsinstr=\count98
\beforepoemtitleskip=\skip106
\afterpoemtitleskip=\skip107
\c@poem=\count99
\beforePoemTitleskip=\skip108
\midPoemTitleskip=\skip109
\afterPoemTitleskip=\skip110

("C:\Lgs\LaTeX\MiKTeX 2.9\tex/latex/tools\array.sty"
Package: array 2018/12/30 v2.4k Tabular extension package (FMi)
\col@sep=\dimen108
\ar@mcellbox=\box27
\extrarowheight=\dimen109
\NC@list=\toks15
\extratabsurround=\skip111
\backup@length=\skip112
\ar@cellbox=\box28
)
("C:\Lgs\LaTeX\MiKTeX 2.9\tex/latex/tools\dcolumn.sty"
Package: dcolumn 2014/10/28 v1.06 decimal alignment package (DPC)
)
("C:\Lgs\LaTeX\MiKTeX 2.9\tex/latex/tools\delarray.sty"
Package: delarray 2014/10/28 v1.01 array delimiter package (DPC)
)
("C:\Lgs\LaTeX\MiKTeX 2.9\tex/latex/tools\tabularx.sty"
Package: tabularx 2016/02/03 v2.11b `tabularx' package (DPC)
\TX@col@width=\dimen110
\TX@old@table=\dimen111
\TX@old@col=\dimen112
\TX@target=\dimen113
\TX@delta=\dimen114
\TX@cols=\count100
\TX@ftn=\toks16
)
\heavyrulewidth=\dimen115
\lightrulewidth=\dimen116
\cmidrulewidth=\dimen117
\belowrulesep=\dimen118
\belowbottomsep=\dimen119
\aboverulesep=\dimen120
\abovetopsep=\dimen121
\cmidrulesep=\dimen122
\cmidrulekern=\dimen123
\defaultaddspace=\dimen124
\@cmidla=\count101
\@cmidlb=\count102
\@aboverulesep=\dimen125
\@belowrulesep=\dimen126
\@thisruleclass=\count103
\@lastruleclass=\count104
\@thisrulewidth=\dimen127
\ctableftskip=\skip113
\ctabrightskip=\skip114
\abovecolumnspenalty=\count105
\@linestogo=\count106
\@cellstogo=\count107
\@cellsincolumn=\count108
\crtok=\toks17
\@mincolumnwidth=\dimen128
\c@newflo@tctr=\count109
\mem@margin@floatbox=\box29
\@contcwidth=\skip115
\@contindw=\skip116
\abovecaptionskip=\skip117
\belowcaptionskip=\skip118
\subfloattopskip=\skip119
\subfloatcapskip=\skip120
\subfloatcaptopadj=\skip121
\subfloatbottomskip=\skip122
\subfloatlabelskip=\skip123
\subfloatcapmargin=\dimen129
\c@@contsubnum=\count110
\m@mscap@capbox=\box30
\m@mscap@fbox=\box31
\sidecapsep=\dimen130
\sidecapwidth=\dimen131
\m@m@tempdima=\dimen132
\m@mscapraise=\dimen133
\sidecapraise=\dimen134
\m@mscapmainwidth=\dimen135
\m@mscaplkern=\dimen136
\beforeepigraphskip=\skip124
\afterepigraphskip=\skip125
\epigraphwidth=\skip126
\epigraphrule=\skip127
LaTeX Info: Redefining \em on input line 7592.
LaTeX Info: Redefining \emph on input line 7600.
\tocentryskip=\skip128
\tocbaseline=\skip129
\cftparskip=\skip130
\cftbeforebookskip=\skip131
\cftbookindent=\dimen137
\cftbooknumwidth=\dimen138
\cftbeforepartskip=\skip132
\cftpartindent=\skip133
\cftpartnumwidth=\skip134
\cftbeforechapterskip=\skip135
\cftchapterindent=\skip136
\cftchapternumwidth=\skip137
\cftbeforesectionskip=\skip138
\cftsectionindent=\skip139
\cftsectionnumwidth=\skip140
\cftbeforesubsectionskip=\skip141
\cftsubsectionindent=\skip142
\cftsubsectionnumwidth=\skip143
\cftbeforesubsubsectionskip=\skip144
\cftsubsubsectionindent=\skip145
\cftsubsubsectionnumwidth=\skip146
\cftbeforeparagraphskip=\skip147
\cftparagraphindent=\skip148
\cftparagraphnumwidth=\skip149
\cftbeforesubparagraphskip=\skip150
\cftsubparagraphindent=\skip151
\cftsubparagraphnumwidth=\skip152
\prechapterprecisshift=\dimen139
\c@maxsecnumdepth=\count111
\bibindent=\dimen140
\bibitemsep=\skip153
\indexcolsep=\skip154
\indexrule=\skip155
\indexmarkstyle=\toks18
\@indexbox=\insert199
\glossarycolsep=\dimen141
\glossaryrule=\dimen142
\sideparvshift=\skip156
\sideins=\insert198
\sidebartopsep=\skip157
\sidebarhsep=\skip158
\sidebarvsep=\skip159
\sidebarwidth=\skip160
\footmarkwidth=\skip161
\footmarksep=\skip162
\footparindent=\skip163
\footinsdim=\skip164
\footinsv@r=\insert197
\@mpfootinsv@r=\insert196
\m@m@k=\count112
\m@m@h=\dimen143
\m@mipn@skip=\skip165
\sidefootins=\insert195
\sidefootadjust=\skip166
\sidefootheight=\skip167
\sidefoothsep=\skip168
\sidefootvsep=\skip169
\sidefootwidth=\skip170
\m@mdownsf=\skip171
\c@sidefootnote=\count113
\sidefootmarkwidth=\skip172
\sidefootmarksep=\skip173
\sidefootparindent=\skip174
\c@pagenote=\count114
\c@pagenoteshadow=\count115
\mem@pn@lastkern=\skip175
\every@verbatim=\toks19
\afterevery@verbatim=\toks20
\verbatim@line=\toks21
\tab@position=\count116
\verbatim@in@stream=\read1
\verbatimindent=\skip176
\verbatim@out=\write3
\bvboxsep=\skip177
\c@memfbvline=\count117
\c@bvlinectr=\count118
\bvnumlength=\skip178
\fb@frw=\dimen144
\fb@frh=\dimen145
\FrameRule=\dimen146
\FrameSep=\dimen147
\c@cp@cntr=\count119
LaTeX Info: Redefining \: on input line 12114.
LaTeX Info: Redefining \! on input line 12116.
\c@ism@mctr=\count120
\c@xsm@mctr=\count121
\c@csm@mctr=\count122
\c@ksm@mctr=\count123
\c@xksm@mctr=\count124
\c@cksm@mctr=\count125
\c@msm@mctr=\count126
\c@xmsm@mctr=\count127
\c@cmsm@mctr=\count128
\c@bsm@mctr=\count129
\c@workm@mctr=\count130
\c@sheetsequence=\count131
\c@lastsheet=\count132
\c@lastpage=\count133
\c@figure=\count134
\c@lofdepth=\count135
\cftbeforefigureskip=\skip179
\cftfigureindent=\skip180
\cftfigurenumwidth=\skip181
\c@table=\count136
\c@lotdepth=\count137
\cftbeforetableskip=\skip182
\cfttableindent=\skip183
\cfttablenumwidth=\skip184
Package abstract [2008/07/23] emulated by memoir.
Package appendix [2008/07/23] emulated by memoir.
Package booktabs [2016/05/16] emulated by memoir.
Package ccaption [2008/07/23] emulated by memoir.
Package changepage [2008/07/23] emulated by memoir.
Package chngcntr [2008/07/23] emulated by memoir.
Package chngpage [2008/07/23] emulated by memoir.
Package crop emulated by memoir.
Package enumerate [2008/07/23] emulated by memoir.
Package epigraph [2008/07/23] emulated by memoir.
Package ifmtarg [2008/07/23] emulated by memoir.
Package index [2008/07/23] emulated by memoir.
Package makeidx [2008/07/23] emulated by memoir.
Package moreverb [2008/07/23] emulated by memoir.
Package mparhack [2008/07/23] emulated by memoir.
Package needspace [2008/07/23] emulated by memoir.
Package newfile [2008/07/23] emulated by memoir.
Package nextpage [2008/07/23] emulated by memoir.
Package pagenote [2008/07/23] emulated by memoir.
Package parskip [2008/07/23] emulated by memoir.
Package patchcmd [2008/07/23] emulated by memoir.
Package setspace [2008/07/23] emulated by memoir.
Package shortvrb [2008/07/23] emulated by memoir.
Package showidx [2008/07/23] emulated by memoir.
Package titleref [2008/07/23] emulated by memoir.
Package titling [2008/07/23] emulated by memoir.
Package tocbibind [2008/07/23] emulated by memoir.
Package tocloft [2008/07/23] emulated by memoir.
Package tocvsec2 [2008/07/23] emulated by memoir.
Package verbatim [2008/07/23] emulated by memoir.
Package verse [2008/07/23] emulated by memoir.
)
(../../common/packages.tex ("C:\Lgs\LaTeX\MiKTeX 2.9\tex/latex/base\inputenc.st
y"
Package: inputenc 2018/08/11 v1.3c Input encoding file
\inpenc@prehook=\toks22
\inpenc@posthook=\toks23
) ("C:\Lgs\LaTeX\MiKTeX 2.9\tex/latex/base\fontenc.sty"
Package: fontenc 2018/08/11 v2.0j Standard LaTeX package

("C:\Lgs\LaTeX\MiKTeX 2.9\tex/latex/base\t1enc.def"
File: t1enc.def 2018/08/11 v2.0j Standard LaTeX file
LaTeX Font Info:    Redeclaring font encoding T1 on input line 48.
))
("C:\Lgs\LaTeX\MiKTeX 2.9\tex/generic/babel\babel.sty"
Package: babel 2019/05/04 3.31 The Babel package

("C:\Lgs\LaTeX\MiKTeX 2.9\tex/generic/babel\switch.def"
File: switch.def 2019/05/04 3.31 Babel switching mechanism
)
*************************************
* Local config file bblopts.cfg used
*
("C:\Lgs\LaTeX\MiKTeX 2.9\tex/latex/arabi\bblopts.cfg"
File: bblopts.cfg 2005/09/08 v0.1 add Arabic and Farsi to "declared" options of
 babel
)
("C:\Lgs\LaTeX\MiKTeX 2.9\tex/latex/babel-spanish\spanish.ldf"
Language: spanish.ldf 2016/03/03 v5.0p Spanish support from the babel system

("C:\Lgs\LaTeX\MiKTeX 2.9\tex/generic/babel\babel.def"
File: babel.def 2019/05/04 3.31 Babel common definitions
\babel@savecnt=\count138
\U@D=\dimen148

("C:\Lgs\LaTeX\MiKTeX 2.9\tex/generic/babel\txtbabel.def")
\bbl@dirlevel=\count139
)
\es@quottoks=\toks24
\es@quotdepth=\count140
Package babel Info: Making " an active character on input line 561.
Package babel Info: Making . an active character on input line 662.
Package babel Info: Making < an active character on input line 707.
Package babel Info: Making > an active character on input line 707.
))
("C:\Lgs\LaTeX\MiKTeX 2.9\tex/latex/layouts\layouts.sty"
Package: layouts 2009/09/02 v2.6d graphical depiction of document elements
\l@ylen=\skip185
\layoutsbox=\box32
\l@youtunitlength=\skip186
\l@youtlinethick=\skip187
\l@youtlinethickii=\skip188
\l@ysetupparskip=\skip189
\l@ysetupbaselineskip=\skip190
\l@yonem=\skip191
\l@yonex=\skip192
\l@ylmarg=\skip193
\l@yrmarg=\skip194
\l@yitmindent=\skip256
\l@ylblwidth=\skip257
\l@ylblsep=\skip258
\l@ylparindent=\skip259
\l@ytsep=\skip260
\l@ypskip=\skip261
\l@yptsep=\skip262
\l@ypsep=\skip263
\l@yitmsep=\skip264
\l@ytok=\toks25
\l@youtpw=\count141
\l@youtph=\count142
\l@youthpi=\count143
\l@youthpii=\count144
\l@youthpiii=\count145
\l@youthpiv=\count146
\l@youthpv=\count147
\l@youthpvi=\count148
\l@youthpvii=\count149
\l@youtparskip=\count150
\l@youtvpi=\count151
\l@youtvpii=\count152
\l@youtvpiii=\count153
\l@youtvpiv=\count154
\l@youtvpv=\count155
\l@youtvpvi=\count156
\l@youtvpvii=\count157
\l@youthdo=\count158
\l@youthdi=\count159
\l@youthdii=\count160
\l@youthdiii=\count161
\l@youthdiv=\count162
\l@youthdv=\count163
\l@youthdvi=\count164
\l@youthdvii=\count165
\l@youtvdo=\count166
\l@youtvdi=\count167
\l@youtvdii=\count168
\l@youtvdiii=\count169
\l@youtvdiv=\count170
\l@youtvdv=\count171
\l@youtvdvi=\count172
\l@youtvdvii=\count173
\l@youtvdviii=\count174
\l@youtxci=\count175
\l@youtxcii=\count176
\l@youtxciii=\count177
\l@youtxciv=\count178
\l@youtxcv=\count179
\l@youtxcvi=\count180
\l@youtyci=\count181
\l@youtycii=\count182
\l@youtyciii=\count183
\l@youtyciv=\count184
\l@youtycv=\count185
\l@youtycvi=\count186
\l@youtycvii=\count187
\l@youtycviii=\count188
\l@youtxco=\count189
\l@youtyco=\count190
\l@ytempdima=\skip265
)
("C:\Lgs\LaTeX\MiKTeX 2.9\tex/latex/microtype\microtype.sty"
Package: microtype 2019/02/28 v2.7b Micro-typographical refinements (RS)

("C:\Lgs\LaTeX\MiKTeX 2.9\tex/latex/graphics\keyval.sty"
Package: keyval 2014/10/28 v1.15 key=value parser (DPC)
\KV@toks@=\toks26
)
\MT@toks=\toks27
\MT@count=\count191
LaTeX Info: Redefining \textls on input line 790.
\MT@outer@kern=\dimen149
LaTeX Info: Redefining \textmicrotypecontext on input line 1336.
\MT@listname@count=\count192

("C:\Lgs\LaTeX\MiKTeX 2.9\tex/latex/microtype\microtype-pdftex.def"
File: microtype-pdftex.def 2019/02/28 v2.7b Definitions specific to pdftex (RS)

LaTeX Info: Redefining \lsstyle on input line 914.
LaTeX Info: Redefining \lslig on input line 914.
\MT@outer@space=\skip266
)
Package microtype Info: Loading configuration file microtype.cfg.

("C:\Lgs\LaTeX\MiKTeX 2.9\tex/latex/microtype\microtype.cfg"
File: microtype.cfg 2019/02/28 v2.7b microtype main configuration file (RS)
))
("C:\Lgs\LaTeX\MiKTeX 2.9\tex/latex/ms\ragged2e.sty"
Package: ragged2e 2009/05/21 v2.1 ragged2e Package (MS)

("C:\Lgs\LaTeX\MiKTeX 2.9\tex/latex/ms\everysel.sty"
Package: everysel 2011/10/28 v1.2 EverySelectfont Package (MS)
)
\CenteringLeftskip=\skip267
\RaggedLeftLeftskip=\skip268
\RaggedRightLeftskip=\skip269
\CenteringRightskip=\skip270
\RaggedLeftRightskip=\skip271
\RaggedRightRightskip=\skip272
\CenteringParfillskip=\skip273
\RaggedLeftParfillskip=\skip274
\RaggedRightParfillskip=\skip275
\JustifyingParfillskip=\skip276
\CenteringParindent=\skip277
\RaggedLeftParindent=\skip278
\RaggedRightParindent=\skip279
\JustifyingParindent=\skip280
)
("C:\Lgs\LaTeX\MiKTeX 2.9\tex/latex/xcolor\xcolor.sty"
Package: xcolor 2016/05/11 v2.12 LaTeX color extensions (UK)

("C:\Lgs\LaTeX\MiKTeX 2.9\tex/latex/graphics-cfg\color.cfg"
File: color.cfg 2016/01/02 v1.6 sample color configuration
)
Package xcolor Info: Driver file: pdftex.def on input line 225.

("C:\Lgs\LaTeX\MiKTeX 2.9\tex/latex/graphics-def\pdftex.def"
File: pdftex.def 2018/01/08 v1.0l Graphics/color driver for pdftex
)
Package xcolor Info: Model `cmy' substituted by `cmy0' on input line 1348.
Package xcolor Info: Model `hsb' substituted by `rgb' on input line 1352.
Package xcolor Info: Model `RGB' extended on input line 1364.
Package xcolor Info: Model `HTML' substituted by `rgb' on input line 1366.
Package xcolor Info: Model `Hsb' substituted by `hsb' on input line 1367.
Package xcolor Info: Model `tHsb' substituted by `hsb' on input line 1368.
Package xcolor Info: Model `HSB' substituted by `hsb' on input line 1369.
Package xcolor Info: Model `Gray' substituted by `gray' on input line 1370.
Package xcolor Info: Model `wave' substituted by `hsb' on input line 1371.

("C:\Lgs\LaTeX\MiKTeX 2.9\tex/latex/graphics\dvipsnam.def"
File: dvipsnam.def 2016/06/17 v3.0m Driver-dependent file (DPC,SPQR)
)
("C:\Lgs\LaTeX\MiKTeX 2.9\tex/latex/xcolor\svgnam.def"
File: svgnam.def 2016/05/11 v2.12 Predefined colors according to SVG 1.1 (UK)
))
("C:\Lgs\LaTeX\MiKTeX 2.9\tex/latex/graphics\graphicx.sty"
Package: graphicx 2017/06/01 v1.1a Enhanced LaTeX Graphics (DPC,SPQR)

("C:\Lgs\LaTeX\MiKTeX 2.9\tex/latex/graphics\graphics.sty"
Package: graphics 2017/06/25 v1.2c Standard LaTeX Graphics (DPC,SPQR)

("C:\Lgs\LaTeX\MiKTeX 2.9\tex/latex/graphics\trig.sty"
Package: trig 2016/01/03 v1.10 sin cos tan (DPC)
)
("C:\Lgs\LaTeX\MiKTeX 2.9\tex/latex/graphics-cfg\graphics.cfg"
File: graphics.cfg 2016/06/04 v1.11 sample graphics configuration
)
Package graphics Info: Driver file: pdftex.def on input line 99.
)
\Gin@req@height=\dimen150
\Gin@req@width=\dimen151
)
("C:\Lgs\LaTeX\MiKTeX 2.9\tex/latex/tkz-graph\tkz-graph.sty"
Package: tkz-graph 2011/06/01 ctan v 1.00 base for graphs

("C:\Lgs\LaTeX\MiKTeX 2.9\tex/latex/etex-pkg\etex.sty"
Package: etex 2016/08/01 v2.7 eTeX basic definition package (PEB,DPC)


Package etex Warning: Extended allocation already in use.
(etex)                etex.sty code will not be used.
(etex)                To force etex package to load, add
(etex)                \RequirePackage{etex}
(etex)                at the start of the document.

) ("C:\Lgs\LaTeX\MiKTeX 2.9\tex/latex/base\ifthen.sty"
Package: ifthen 2014/09/29 v1.1c Standard LaTeX ifthen package (DPC)
)
("C:\Lgs\LaTeX\MiKTeX 2.9\tex/latex/xkeyval\xkeyval.sty"
Package: xkeyval 2014/12/03 v2.7a package option processing (HA)

("C:\Lgs\LaTeX\MiKTeX 2.9\tex/generic/xkeyval\xkeyval.tex"
("C:\Lgs\LaTeX\MiKTeX 2.9\tex/generic/xkeyval\xkvutils.tex"
\XKV@toks=\toks28
\XKV@tempa@toks=\toks29
)
\XKV@depth=\count193
File: xkeyval.tex 2014/12/03 v2.7a key=value parser (HA)
))
("C:\Lgs\LaTeX\MiKTeX 2.9\tex/latex/pgf/frontendlayer\tikz.sty"
("C:\Lgs\LaTeX\MiKTeX 2.9\tex/latex/pgf/basiclayer\pgf.sty"
("C:\Lgs\LaTeX\MiKTeX 2.9\tex/latex/pgf/utilities\pgfrcs.sty"
("C:\Lgs\LaTeX\MiKTeX 2.9\tex/generic/pgf/utilities\pgfutil-common.tex"
\pgfutil@everybye=\toks30
\pgfutil@tempdima=\dimen152
\pgfutil@tempdimb=\dimen153

("C:\Lgs\LaTeX\MiKTeX 2.9\tex/generic/pgf/utilities\pgfutil-common-lists.tex"))
("C:\Lgs\LaTeX\MiKTeX 2.9\tex/generic/pgf/utilities\pgfutil-latex.def"
\pgfutil@abb=\box33

("C:\Lgs\LaTeX\MiKTeX 2.9\tex/latex/ms\everyshi.sty"
Package: everyshi 2001/05/15 v3.00 EveryShipout Package (MS)
))
("C:\Lgs\LaTeX\MiKTeX 2.9\tex/generic/pgf/utilities\pgfrcs.code.tex"
("C:\Lgs\LaTeX\MiKTeX 2.9\tex/generic/pgf\pgf.revision.tex")
Package: pgfrcs 2019/05/09 v3.1.3 (3.1.3)
))
Package: pgf 2019/05/09 v3.1.3 (3.1.3)

("C:\Lgs\LaTeX\MiKTeX 2.9\tex/latex/pgf/basiclayer\pgfcore.sty"
("C:\Lgs\LaTeX\MiKTeX 2.9\tex/latex/pgf/systemlayer\pgfsys.sty"
("C:\Lgs\LaTeX\MiKTeX 2.9\tex/generic/pgf/systemlayer\pgfsys.code.tex"
Package: pgfsys 2019/05/09 v3.1.3 (3.1.3)

("C:\Lgs\LaTeX\MiKTeX 2.9\tex/generic/pgf/utilities\pgfkeys.code.tex"
\pgfkeys@pathtoks=\toks31
\pgfkeys@temptoks=\toks32

("C:\Lgs\LaTeX\MiKTeX 2.9\tex/generic/pgf/utilities\pgfkeysfiltered.code.tex"
\pgfkeys@tmptoks=\toks33
))
\pgf@x=\dimen154
\pgf@y=\dimen155
\pgf@xa=\dimen156
\pgf@ya=\dimen157
\pgf@xb=\dimen158
\pgf@yb=\dimen159
\pgf@xc=\dimen160
\pgf@yc=\dimen161
\pgf@xd=\dimen162
\pgf@yd=\dimen163
\w@pgf@writea=\write4
\r@pgf@reada=\read2
\c@pgf@counta=\count194
\c@pgf@countb=\count266
\c@pgf@countc=\count267
\c@pgf@countd=\count268
\t@pgf@toka=\toks34
\t@pgf@tokb=\toks35
\t@pgf@tokc=\toks36
\pgf@sys@id@count=\count269
("C:\Lgs\LaTeX\MiKTeX 2.9\tex/generic/pgf/systemlayer\pgf.cfg"
File: pgf.cfg 2019/05/09 v3.1.3 (3.1.3)
)
Driver file for pgf: pgfsys-pdftex.def

("C:\Lgs\LaTeX\MiKTeX 2.9\tex/generic/pgf/systemlayer\pgfsys-pdftex.def"
File: pgfsys-pdftex.def 2019/05/09 v3.1.3 (3.1.3)

("C:\Lgs\LaTeX\MiKTeX 2.9\tex/generic/pgf/systemlayer\pgfsys-common-pdf.def"
File: pgfsys-common-pdf.def 2019/05/09 v3.1.3 (3.1.3)
))) ("C:\Lgs\LaTeX\MiKTeX 2.9\tex/generic/pgf/systemlayer\pgfsyssoftpath.code.t
ex"
File: pgfsyssoftpath.code.tex 2019/05/09 v3.1.3 (3.1.3)
\pgfsyssoftpath@smallbuffer@items=\count270
\pgfsyssoftpath@bigbuffer@items=\count271
) ("C:\Lgs\LaTeX\MiKTeX 2.9\tex/generic/pgf/systemlayer\pgfsysprotocol.code.tex
"
File: pgfsysprotocol.code.tex 2019/05/09 v3.1.3 (3.1.3)
)) ("C:\Lgs\LaTeX\MiKTeX 2.9\tex/generic/pgf/basiclayer\pgfcore.code.tex"
Package: pgfcore 2019/05/09 v3.1.3 (3.1.3)

("C:\Lgs\LaTeX\MiKTeX 2.9\tex/generic/pgf/math\pgfmath.code.tex"
("C:\Lgs\LaTeX\MiKTeX 2.9\tex/generic/pgf/math\pgfmathcalc.code.tex"
("C:\Lgs\LaTeX\MiKTeX 2.9\tex/generic/pgf/math\pgfmathutil.code.tex")
("C:\Lgs\LaTeX\MiKTeX 2.9\tex/generic/pgf/math\pgfmathparser.code.tex"
\pgfmath@dimen=\dimen164
\pgfmath@count=\count272
\pgfmath@box=\box34
\pgfmath@toks=\toks37
\pgfmath@stack@operand=\toks38
\pgfmath@stack@operation=\toks39
)
("C:\Lgs\LaTeX\MiKTeX 2.9\tex/generic/pgf/math\pgfmathfunctions.code.tex"
("C:\Lgs\LaTeX\MiKTeX 2.9\tex/generic/pgf/math\pgfmathfunctions.basic.code.tex"
)
("C:\Lgs\LaTeX\MiKTeX 2.9\tex/generic/pgf/math\pgfmathfunctions.trigonometric.c
ode.tex")
("C:\Lgs\LaTeX\MiKTeX 2.9\tex/generic/pgf/math\pgfmathfunctions.random.code.tex
")
("C:\Lgs\LaTeX\MiKTeX 2.9\tex/generic/pgf/math\pgfmathfunctions.comparison.code
.tex")
("C:\Lgs\LaTeX\MiKTeX 2.9\tex/generic/pgf/math\pgfmathfunctions.base.code.tex")
("C:\Lgs\LaTeX\MiKTeX 2.9\tex/generic/pgf/math\pgfmathfunctions.round.code.tex"
) ("C:\Lgs\LaTeX\MiKTeX 2.9\tex/generic/pgf/math\pgfmathfunctions.misc.code.tex
")
("C:\Lgs\LaTeX\MiKTeX 2.9\tex/generic/pgf/math\pgfmathfunctions.integerarithmet
ics.code.tex")))
("C:\Lgs\LaTeX\MiKTeX 2.9\tex/generic/pgf/math\pgfmathfloat.code.tex"
\c@pgfmathroundto@lastzeros=\count273
))
("C:\Lgs\LaTeX\MiKTeX 2.9\tex/generic/pgf/math\pgfint.code.tex")
("C:\Lgs\LaTeX\MiKTeX 2.9\tex/generic/pgf/basiclayer\pgfcorepoints.code.tex"
File: pgfcorepoints.code.tex 2019/05/09 v3.1.3 (3.1.3)
\pgf@picminx=\dimen165
\pgf@picmaxx=\dimen166
\pgf@picminy=\dimen167
\pgf@picmaxy=\dimen168
\pgf@pathminx=\dimen169
\pgf@pathmaxx=\dimen170
\pgf@pathminy=\dimen171
\pgf@pathmaxy=\dimen172
\pgf@xx=\dimen173
\pgf@xy=\dimen174
\pgf@yx=\dimen175
\pgf@yy=\dimen176
\pgf@zx=\dimen177
\pgf@zy=\dimen178
)
("C:\Lgs\LaTeX\MiKTeX 2.9\tex/generic/pgf/basiclayer\pgfcorepathconstruct.code.
tex"
File: pgfcorepathconstruct.code.tex 2019/05/09 v3.1.3 (3.1.3)
\pgf@path@lastx=\dimen179
\pgf@path@lasty=\dimen180
)
("C:\Lgs\LaTeX\MiKTeX 2.9\tex/generic/pgf/basiclayer\pgfcorepathusage.code.tex"
File: pgfcorepathusage.code.tex 2019/05/09 v3.1.3 (3.1.3)
\pgf@shorten@end@additional=\dimen181
\pgf@shorten@start@additional=\dimen182
) ("C:\Lgs\LaTeX\MiKTeX 2.9\tex/generic/pgf/basiclayer\pgfcorescopes.code.tex"
File: pgfcorescopes.code.tex 2019/05/09 v3.1.3 (3.1.3)
\pgfpic=\box35
\pgf@hbox=\box36
\pgf@layerbox@main=\box37
\pgf@picture@serial@count=\count274
)
("C:\Lgs\LaTeX\MiKTeX 2.9\tex/generic/pgf/basiclayer\pgfcoregraphicstate.code.t
ex"
File: pgfcoregraphicstate.code.tex 2019/05/09 v3.1.3 (3.1.3)
\pgflinewidth=\dimen183
)
("C:\Lgs\LaTeX\MiKTeX 2.9\tex/generic/pgf/basiclayer\pgfcoretransformations.cod
e.tex"
File: pgfcoretransformations.code.tex 2019/05/09 v3.1.3 (3.1.3)
\pgf@pt@x=\dimen184
\pgf@pt@y=\dimen185
\pgf@pt@temp=\dimen186
)
("C:\Lgs\LaTeX\MiKTeX 2.9\tex/generic/pgf/basiclayer\pgfcorequick.code.tex"
File: pgfcorequick.code.tex 2019/05/09 v3.1.3 (3.1.3)
)
("C:\Lgs\LaTeX\MiKTeX 2.9\tex/generic/pgf/basiclayer\pgfcoreobjects.code.tex"
File: pgfcoreobjects.code.tex 2019/05/09 v3.1.3 (3.1.3)
)
("C:\Lgs\LaTeX\MiKTeX 2.9\tex/generic/pgf/basiclayer\pgfcorepathprocessing.code
.tex"
File: pgfcorepathprocessing.code.tex 2019/05/09 v3.1.3 (3.1.3)
)
("C:\Lgs\LaTeX\MiKTeX 2.9\tex/generic/pgf/basiclayer\pgfcorearrows.code.tex"
File: pgfcorearrows.code.tex 2019/05/09 v3.1.3 (3.1.3)
\pgfarrowsep=\dimen187
)
("C:\Lgs\LaTeX\MiKTeX 2.9\tex/generic/pgf/basiclayer\pgfcoreshade.code.tex"
File: pgfcoreshade.code.tex 2019/05/09 v3.1.3 (3.1.3)
\pgf@max=\dimen188
\pgf@sys@shading@range@num=\count275
\pgf@shadingcount=\count276
)
("C:\Lgs\LaTeX\MiKTeX 2.9\tex/generic/pgf/basiclayer\pgfcoreimage.code.tex"
File: pgfcoreimage.code.tex 2019/05/09 v3.1.3 (3.1.3)

("C:\Lgs\LaTeX\MiKTeX 2.9\tex/generic/pgf/basiclayer\pgfcoreexternal.code.tex"
File: pgfcoreexternal.code.tex 2019/05/09 v3.1.3 (3.1.3)
\pgfexternal@startupbox=\box38
)) ("C:\Lgs\LaTeX\MiKTeX 2.9\tex/generic/pgf/basiclayer\pgfcorelayers.code.tex"
File: pgfcorelayers.code.tex 2019/05/09 v3.1.3 (3.1.3)
)
("C:\Lgs\LaTeX\MiKTeX 2.9\tex/generic/pgf/basiclayer\pgfcoretransparency.code.t
ex"
File: pgfcoretransparency.code.tex 2019/05/09 v3.1.3 (3.1.3)
)
("C:\Lgs\LaTeX\MiKTeX 2.9\tex/generic/pgf/basiclayer\pgfcorepatterns.code.tex"
File: pgfcorepatterns.code.tex 2019/05/09 v3.1.3 (3.1.3)
) ("C:\Lgs\LaTeX\MiKTeX 2.9\tex/generic/pgf/basiclayer\pgfcorerdf.code.tex"
File: pgfcorerdf.code.tex 2019/05/09 v3.1.3 (3.1.3)
)))
("C:\Lgs\LaTeX\MiKTeX 2.9\tex/generic/pgf/modules\pgfmoduleshapes.code.tex"
File: pgfmoduleshapes.code.tex 2019/05/09 v3.1.3 (3.1.3)
\pgfnodeparttextbox=\box39
)
("C:\Lgs\LaTeX\MiKTeX 2.9\tex/generic/pgf/modules\pgfmoduleplot.code.tex"
File: pgfmoduleplot.code.tex 2019/05/09 v3.1.3 (3.1.3)
)
("C:\Lgs\LaTeX\MiKTeX 2.9\tex/latex/pgf/compatibility\pgfcomp-version-0-65.sty"
Package: pgfcomp-version-0-65 2019/05/09 v3.1.3 (3.1.3)
\pgf@nodesepstart=\dimen189
\pgf@nodesepend=\dimen190
) ("C:\Lgs\LaTeX\MiKTeX 2.9\tex/latex/pgf/compatibility\pgfcomp-version-1-18.st
y"
Package: pgfcomp-version-1-18 2019/05/09 v3.1.3 (3.1.3)
)) ("C:\Lgs\LaTeX\MiKTeX 2.9\tex/latex/pgf/utilities\pgffor.sty"
("C:\Lgs\LaTeX\MiKTeX 2.9\tex/latex/pgf/utilities\pgfkeys.sty"
("C:\Lgs\LaTeX\MiKTeX 2.9\tex/generic/pgf/utilities\pgfkeys.code.tex"))
("C:\Lgs\LaTeX\MiKTeX 2.9\tex/latex/pgf/math\pgfmath.sty"
("C:\Lgs\LaTeX\MiKTeX 2.9\tex/generic/pgf/math\pgfmath.code.tex"))
("C:\Lgs\LaTeX\MiKTeX 2.9\tex/generic/pgf/utilities\pgffor.code.tex"
Package: pgffor 2019/05/09 v3.1.3 (3.1.3)

("C:\Lgs\LaTeX\MiKTeX 2.9\tex/generic/pgf/math\pgfmath.code.tex")
\pgffor@iter=\dimen191
\pgffor@skip=\dimen192
\pgffor@stack=\toks40
\pgffor@toks=\toks41
))
("C:\Lgs\LaTeX\MiKTeX 2.9\tex/generic/pgf/frontendlayer/tikz\tikz.code.tex"
Package: tikz 2019/05/09 v3.1.3 (3.1.3)

("C:\Lgs\LaTeX\MiKTeX 2.9\tex/generic/pgf/libraries\pgflibraryplothandlers.code
.tex"
File: pgflibraryplothandlers.code.tex 2019/05/09 v3.1.3 (3.1.3)
\pgf@plot@mark@count=\count277
\pgfplotmarksize=\dimen193
)
\tikz@lastx=\dimen194
\tikz@lasty=\dimen256
\tikz@lastxsaved=\dimen257
\tikz@lastysaved=\dimen258
\tikzleveldistance=\dimen259
\tikzsiblingdistance=\dimen260
\tikz@figbox=\box40
\tikz@figbox@bg=\box41
\tikz@tempbox=\box42
\tikz@tempbox@bg=\box43
\tikztreelevel=\count278
\tikznumberofchildren=\count279
\tikznumberofcurrentchild=\count280
\tikz@fig@count=\count281

("C:\Lgs\LaTeX\MiKTeX 2.9\tex/generic/pgf/modules\pgfmodulematrix.code.tex"
File: pgfmodulematrix.code.tex 2019/05/09 v3.1.3 (3.1.3)
\pgfmatrixcurrentrow=\count282
\pgfmatrixcurrentcolumn=\count283
\pgf@matrix@numberofcolumns=\count284
)
\tikz@expandcount=\count285

("C:\Lgs\LaTeX\MiKTeX 2.9\tex/generic/pgf/frontendlayer/tikz/libraries\tikzlibr
arytopaths.code.tex"
File: tikzlibrarytopaths.code.tex 2019/05/09 v3.1.3 (3.1.3)
)))
("C:\Lgs\LaTeX\MiKTeX 2.9\tex/generic/pgf/frontendlayer/tikz/libraries\tikzlibr
aryarrows.code.tex"
File: tikzlibraryarrows.code.tex 2019/05/09 v3.1.3 (3.1.3)

("C:\Lgs\LaTeX\MiKTeX 2.9\tex/generic/pgf/libraries\pgflibraryarrows.code.tex"
File: pgflibraryarrows.code.tex 2019/05/09 v3.1.3 (3.1.3)
\arrowsize=\dimen261
))
\c@tkz@gr@a=\count286
\c@tkz@gr@b=\count287
\c@tkz@gr@c=\count288
\c@tkz@gr@e=\count289
\c@tkz@gr@d=\count290
\c@tkz@gr@p=\count291
\c@tkz@gr@i=\count292
\c@tkz@gr@n=\count293
\c@tkz@gr@ta=\count294
\c@tkz@gr@tb=\count295
) ("C:\Lgs\LaTeX\MiKTeX 2.9\tex/latex/pgfplots\pgfplots.sty"
("C:\Lgs\LaTeX\MiKTeX 2.9\tex/generic/pgfplots\pgfplots.revision.tex")
Package: pgfplots 2018/03/28 v1.16 Data Visualization (1.16)

("C:\Lgs\LaTeX\MiKTeX 2.9\tex/generic/pgfplots\pgfplots.code.tex"
("C:\Lgs\LaTeX\MiKTeX 2.9\tex/generic/pgfplots\pgfplotscore.code.tex"
\t@pgfplots@toka=\toks42
\t@pgfplots@tokb=\toks43
\t@pgfplots@tokc=\toks44
\pgfplots@tmpa=\dimen262
\c@pgfplots@coordindex=\count296
\c@pgfplots@scanlineindex=\count297

("C:\Lgs\LaTeX\MiKTeX 2.9\tex/generic/pgfplots/sys\pgfplotssysgeneric.code.tex"
)) ("C:\Lgs\LaTeX\MiKTeX 2.9\tex/generic/pgfplots/libs\pgfplotslibrary.code.tex
")
("C:\Lgs\LaTeX\MiKTeX 2.9\tex/generic/pgfplots/oldpgfcompatib\pgfplotsoldpgfsup
p_loader.code.tex"
("C:\Lgs\LaTeX\MiKTeX 2.9\tex/generic/pgf/libraries\pgflibraryfpu.code.tex")
Package pgfplots: loading complementary arithmetics for your pgf version...

("C:\Lgs\LaTeX\MiKTeX 2.9\tex/generic/pgfplots/oldpgfcompatib\pgfplotsoldpgfsup
p_pgflibraryfpu.code.tex")
("C:\Lgs\LaTeX\MiKTeX 2.9\tex/generic/pgfplots/oldpgfcompatib\pgfplotsoldpgfsup
p_pgfmathfloat.code.tex"
\c@pgfmathroundto@lastzeros=\count298
))
("C:\Lgs\LaTeX\MiKTeX 2.9\tex/generic/pgfplots/util\pgfplotsutil.code.tex"
("C:\Lgs\LaTeX\MiKTeX 2.9\tex/generic/pgfplots/liststructure\pgfplotsliststruct
ure.code.tex")
("C:\Lgs\LaTeX\MiKTeX 2.9\tex/generic/pgfplots/liststructure\pgfplotsliststruct
ureext.code.tex")
("C:\Lgs\LaTeX\MiKTeX 2.9\tex/generic/pgfplots/liststructure\pgfplotsarray.code
.tex"
\c@pgfplotsarray@tmp=\count299
)
("C:\Lgs\LaTeX\MiKTeX 2.9\tex/generic/pgfplots/liststructure\pgfplotsmatrix.cod
e.tex")
("C:\Lgs\LaTeX\MiKTeX 2.9\tex/generic/pgfplots/numtable\pgfplotstableshared.cod
e.tex"
\c@pgfplotstable@counta=\count300
\t@pgfplotstable@a=\toks45
)
("C:\Lgs\LaTeX\MiKTeX 2.9\tex/generic/pgfplots/liststructure\pgfplotsdeque.code
.tex")
("C:\Lgs\LaTeX\MiKTeX 2.9\tex/generic/pgfplots/util\pgfplotsbinary.code.tex"
("C:\Lgs\LaTeX\MiKTeX 2.9\tex/generic/pgfplots/util\pgfplotsbinary.data.code.te
x"))
("C:\Lgs\LaTeX\MiKTeX 2.9\tex/generic/pgfplots/util\pgfplotsutil.verb.code.tex"
)
("C:\Lgs\LaTeX\MiKTeX 2.9\tex/generic/pgfplots/libs\pgflibrarypgfplots.surfshad
ing.code.tex"
\c@pgfplotslibrarysurf@no=\count301

("C:\Lgs\LaTeX\MiKTeX 2.9\tex/generic/pgfplots/sys\pgflibrarypgfplots.surfshadi
ng.pgfsys-pdftex.def")))
("C:\Lgs\LaTeX\MiKTeX 2.9\tex/generic/pgfplots/util\pgfplotscolormap.code.tex"
("C:\Lgs\LaTeX\MiKTeX 2.9\tex/generic/pgfplots/util\pgfplotscolor.code.tex"))
("C:\Lgs\LaTeX\MiKTeX 2.9\tex/generic/pgfplots\pgfplotsstackedplots.code.tex")
("C:\Lgs\LaTeX\MiKTeX 2.9\tex/generic/pgfplots\pgfplotsplothandlers.code.tex"
("C:\Lgs\LaTeX\MiKTeX 2.9\tex/generic/pgfplots\pgfplotsmeshplothandler.code.tex
" ("C:\Lgs\LaTeX\MiKTeX 2.9\tex/generic/pgfplots\pgfplotsmeshplotimage.code.tex
"))) ("C:\Lgs\LaTeX\MiKTeX 2.9\tex/generic/pgfplots\pgfplots.scaling.code.tex")
("C:\Lgs\LaTeX\MiKTeX 2.9\tex/generic/pgfplots\pgfplotscoordprocessing.code.tex
") ("C:\Lgs\LaTeX\MiKTeX 2.9\tex/generic/pgfplots\pgfplots.errorbars.code.tex")
("C:\Lgs\LaTeX\MiKTeX 2.9\tex/generic/pgfplots\pgfplots.markers.code.tex")
("C:\Lgs\LaTeX\MiKTeX 2.9\tex/generic/pgfplots\pgfplotsticks.code.tex")
("C:\Lgs\LaTeX\MiKTeX 2.9\tex/generic/pgfplots\pgfplots.paths.code.tex")
("C:\Lgs\LaTeX\MiKTeX 2.9\tex/generic/pgf/frontendlayer/tikz/libraries\tikzlibr
arydecorations.code.tex"
("C:\Lgs\LaTeX\MiKTeX 2.9\tex/generic/pgf/modules\pgfmoduledecorations.code.tex
"
\pgfdecoratedcompleteddistance=\dimen263
\pgfdecoratedremainingdistance=\dimen264
\pgfdecoratedinputsegmentcompleteddistance=\dimen265
\pgfdecoratedinputsegmentremainingdistance=\dimen266
\pgf@decorate@distancetomove=\dimen267
\pgf@decorate@repeatstate=\count302
\pgfdecorationsegmentamplitude=\dimen268
\pgfdecorationsegmentlength=\dimen269
)
\tikz@lib@dec@box=\box44
)
("C:\Lgs\LaTeX\MiKTeX 2.9\tex/generic/pgf/frontendlayer/tikz/libraries\tikzlibr
arydecorations.pathmorphing.code.tex"
("C:\Lgs\LaTeX\MiKTeX 2.9\tex/generic/pgf/libraries/decorations\pgflibrarydecor
ations.pathmorphing.code.tex"))
("C:\Lgs\LaTeX\MiKTeX 2.9\tex/generic/pgf/frontendlayer/tikz/libraries\tikzlibr
arydecorations.pathreplacing.code.tex"
("C:\Lgs\LaTeX\MiKTeX 2.9\tex/generic/pgf/libraries/decorations\pgflibrarydecor
ations.pathreplacing.code.tex"))
\pgfplots@numplots=\count303
\pgfplots@xmin@reg=\dimen270
\pgfplots@xmax@reg=\dimen271
\pgfplots@ymin@reg=\dimen272
\pgfplots@ymax@reg=\dimen273
\pgfplots@zmin@reg=\dimen274
\pgfplots@zmax@reg=\dimen275
)
("C:\Lgs\LaTeX\MiKTeX 2.9\tex/generic/pgf/frontendlayer/tikz/libraries\tikzlibr
aryplotmarks.code.tex"
File: tikzlibraryplotmarks.code.tex 2019/05/09 v3.1.3 (3.1.3)

("C:\Lgs\LaTeX\MiKTeX 2.9\tex/generic/pgf/libraries\pgflibraryplotmarks.code.te
x"
File: pgflibraryplotmarks.code.tex 2019/05/09 v3.1.3 (3.1.3)
)))
("C:\Lgs\LaTeX\MiKTeX 2.9\tex/generic/pgf/frontendlayer/tikz/libraries\tikzlibr
arybackgrounds.code.tex"
File: tikzlibrarybackgrounds.code.tex 2019/05/09 v3.1.3 (3.1.3)
\pgf@layerbox@background=\box45
\pgf@layerboxsaved@background=\box46
)
("C:\Lgs\LaTeX\MiKTeX 2.9\tex/generic/pgf/frontendlayer/tikz/libraries\tikzlibr
arypositioning.code.tex"
File: tikzlibrarypositioning.code.tex 2019/05/09 v3.1.3 (3.1.3)
)
("C:\Lgs\LaTeX\MiKTeX 2.9\tex/generic/pgf/frontendlayer/tikz/libraries\tikzlibr
arycalc.code.tex"
File: tikzlibrarycalc.code.tex 2019/05/09 v3.1.3 (3.1.3)
)
("C:\Lgs\LaTeX\MiKTeX 2.9\tex/generic/pgf/frontendlayer/tikz/libraries\tikzlibr
aryfit.code.tex"
File: tikzlibraryfit.code.tex 2019/05/09 v3.1.3 (3.1.3)
)
("C:\Lgs\LaTeX\MiKTeX 2.9\tex/generic/pgf/frontendlayer/tikz/libraries\tikzlibr
arypetri.code.tex"
File: tikzlibrarypetri.code.tex 2019/05/09 v3.1.3 (3.1.3)
)
("C:\Lgs\LaTeX\MiKTeX 2.9\tex/generic/pgf/frontendlayer/tikz/libraries\tikzlibr
aryquotes.code.tex"
File: tikzlibraryquotes.code.tex 2019/05/09 v3.1.3 (3.1.3)
)
("C:\Lgs\LaTeX\MiKTeX 2.9\tex/generic/pgf/libraries\pgflibraryarrows.meta.code.
tex"
File: pgflibraryarrows.meta.code.tex 2019/05/09 v3.1.3 (3.1.3)
\pgfarrowinset=\dimen276
\pgfarrowlength=\dimen277
\pgfarrowwidth=\dimen278
\pgfarrowlinewidth=\dimen279
)
("C:\Lgs\LaTeX\MiKTeX 2.9\tex/generic/pgf/frontendlayer/tikz/libraries\tikzlibr
aryshapes.code.tex"
File: tikzlibraryshapes.code.tex 2019/05/09 v3.1.3 (3.1.3)

("C:\Lgs\LaTeX\MiKTeX 2.9\tex/generic/pgf/frontendlayer/tikz/libraries\tikzlibr
aryshapes.geometric.code.tex"
File: tikzlibraryshapes.geometric.code.tex 2019/05/09 v3.1.3 (3.1.3)

("C:\Lgs\LaTeX\MiKTeX 2.9\tex/generic/pgf/libraries/shapes\pgflibraryshapes.geo
metric.code.tex"
File: pgflibraryshapes.geometric.code.tex 2019/05/09 v3.1.3 (3.1.3)
))
("C:\Lgs\LaTeX\MiKTeX 2.9\tex/generic/pgf/frontendlayer/tikz/libraries\tikzlibr
aryshapes.misc.code.tex"
File: tikzlibraryshapes.misc.code.tex 2019/05/09 v3.1.3 (3.1.3)

("C:\Lgs\LaTeX\MiKTeX 2.9\tex/generic/pgf/libraries/shapes\pgflibraryshapes.mis
c.code.tex"
File: pgflibraryshapes.misc.code.tex 2019/05/09 v3.1.3 (3.1.3)
))
("C:\Lgs\LaTeX\MiKTeX 2.9\tex/generic/pgf/frontendlayer/tikz/libraries\tikzlibr
aryshapes.symbols.code.tex"
File: tikzlibraryshapes.symbols.code.tex 2019/05/09 v3.1.3 (3.1.3)

("C:\Lgs\LaTeX\MiKTeX 2.9\tex/generic/pgf/libraries/shapes\pgflibraryshapes.sym
bols.code.tex"
File: pgflibraryshapes.symbols.code.tex 2019/05/09 v3.1.3 (3.1.3)
))
("C:\Lgs\LaTeX\MiKTeX 2.9\tex/generic/pgf/frontendlayer/tikz/libraries\tikzlibr
aryshapes.arrows.code.tex"
File: tikzlibraryshapes.arrows.code.tex 2019/05/09 v3.1.3 (3.1.3)

("C:\Lgs\LaTeX\MiKTeX 2.9\tex/generic/pgf/libraries/shapes\pgflibraryshapes.arr
ows.code.tex"
File: pgflibraryshapes.arrows.code.tex 2019/05/09 v3.1.3 (3.1.3)
))
("C:\Lgs\LaTeX\MiKTeX 2.9\tex/generic/pgf/frontendlayer/tikz/libraries\tikzlibr
aryshapes.callouts.code.tex"
("C:\Lgs\LaTeX\MiKTeX 2.9\tex/generic/pgf/libraries/shapes\pgflibraryshapes.cal
louts.code.tex"))
("C:\Lgs\LaTeX\MiKTeX 2.9\tex/generic/pgf/frontendlayer/tikz/libraries\tikzlibr
aryshapes.multipart.code.tex"
File: tikzlibraryshapes.multipart.code.tex 2019/05/09 v3.1.3 (3.1.3)

("C:\Lgs\LaTeX\MiKTeX 2.9\tex/generic/pgf/libraries/shapes\pgflibraryshapes.mul
tipart.code.tex"
File: pgflibraryshapes.multipart.code.tex 2019/05/09 v3.1.3 (3.1.3)
\pgfnodepartlowerbox=\box47
\pgfnodeparttwobox=\box48
\pgfnodepartthreebox=\box49
\pgfnodepartfourbox=\box50
\pgfnodeparttwentybox=\box51
\pgfnodepartnineteenbox=\box52
\pgfnodeparteighteenbox=\box53
\pgfnodepartseventeenbox=\box54
\pgfnodepartsixteenbox=\box55
\pgfnodepartfifteenbox=\box56
\pgfnodepartfourteenbox=\box57
\pgfnodepartthirteenbox=\box58
\pgfnodeparttwelvebox=\box59
\pgfnodepartelevenbox=\box60
\pgfnodeparttenbox=\box61
\pgfnodepartninebox=\box62
\pgfnodeparteightbox=\box63
\pgfnodepartsevenbox=\box64
\pgfnodepartsixbox=\box65
\pgfnodepartfivebox=\box66
)))
("C:\Lgs\LaTeX\MiKTeX 2.9\tex/generic/pgf/frontendlayer/tikz/libraries/datavisu
alization\tikzlibrarydatavisualization.code.tex"
File: tikzlibrarydatavisualization.code.tex 2019/05/09 v3.1.3 (3.1.3)

("C:\Lgs\LaTeX\MiKTeX 2.9\tex/generic/pgf/modules\pgfmoduledatavisualization.co
de.tex"
File: pgfmoduledatavisualization.code.tex 2019/05/09 v3.1.3 (3.1.3)
 ("C:\Lgs\LaTeX\MiKTeX 2.9\tex/generic/pgf/modules\pgfmoduleoo.code.tex"
\pgfoo@objectcount=\count304
\pgfoothis@count=\count305
\pgfoo@toks=\toks46
)
\pgf@lib@dv@cache@count=\count306
\pgf@lib@dv@cache@count=\count307
)
\tikzdvvisualizercounter=\count308
) ("C:\Lgs\LaTeX\MiKTeX 2.9\tex/latex/hyperref\hyperref.sty"
Package: hyperref 2018/11/30 v6.88e Hypertext links for LaTeX

("C:\Lgs\LaTeX\MiKTeX 2.9\tex/generic/oberdiek\hobsub-hyperref.sty"
Package: hobsub-hyperref 2016/05/16 v1.14 Bundle oberdiek, subset hyperref (HO)


("C:\Lgs\LaTeX\MiKTeX 2.9\tex/generic/oberdiek\hobsub-generic.sty"
Package: hobsub-generic 2016/05/16 v1.14 Bundle oberdiek, subset generic (HO)
Package: hobsub 2016/05/16 v1.14 Construct package bundles (HO)
Package: infwarerr 2016/05/16 v1.4 Providing info/warning/error messages (HO)
Package: ltxcmds 2016/05/16 v1.23 LaTeX kernel commands for general use (HO)
Package hobsub Info: Skipping package `ifluatex' (already loaded).
Package: ifvtex 2016/05/16 v1.6 Detect VTeX and its facilities (HO)
Package ifvtex Info: VTeX not detected.
Package: intcalc 2016/05/16 v1.2 Expandable calculations with integers (HO)
Package hobsub Info: Skipping package `ifpdf' (already loaded).
Package: etexcmds 2016/05/16 v1.6 Avoid name clashes with e-TeX commands (HO)
Package: kvsetkeys 2016/05/16 v1.17 Key value parser (HO)
Package: kvdefinekeys 2016/05/16 v1.4 Define keys (HO)
Package: pdftexcmds 2018/09/10 v0.29 Utility functions of pdfTeX for LuaTeX (HO
)
Package pdftexcmds Info: LuaTeX not detected.
Package pdftexcmds Info: \pdf@primitive is available.
Package pdftexcmds Info: \pdf@ifprimitive is available.
Package pdftexcmds Info: \pdfdraftmode found.
Package: pdfescape 2016/05/16 v1.14 Implements pdfTeX's escape features (HO)
Package: bigintcalc 2016/05/16 v1.4 Expandable calculations on big integers (HO
)
Package: bitset 2016/05/16 v1.2 Handle bit-vector datatype (HO)
Package: uniquecounter 2016/05/16 v1.3 Provide unlimited unique counter (HO)
)
Package hobsub Info: Skipping package `hobsub' (already loaded).
Package: letltxmacro 2016/05/16 v1.5 Let assignment for LaTeX macros (HO)
Package: hopatch 2016/05/16 v1.3 Wrapper for package hooks (HO)
Package: xcolor-patch 2016/05/16 xcolor patch
Package: atveryend 2016/05/16 v1.9 Hooks at the very end of document (HO)
Package atveryend Info: \enddocument detected (standard20110627).
Package: atbegshi 2016/06/09 v1.18 At begin shipout hook (HO)
Package: refcount 2016/05/16 v3.5 Data extraction from label references (HO)
Package: hycolor 2016/05/16 v1.8 Color options for hyperref/bookmark (HO)
)
("C:\Lgs\LaTeX\MiKTeX 2.9\tex/latex/oberdiek\auxhook.sty"
Package: auxhook 2016/05/16 v1.4 Hooks for auxiliary files (HO)
)
("C:\Lgs\LaTeX\MiKTeX 2.9\tex/latex/oberdiek\kvoptions.sty"
Package: kvoptions 2016/05/16 v3.12 Key value format for package options (HO)
)
\@linkdim=\dimen280
\Hy@linkcounter=\count309
\Hy@pagecounter=\count310

("C:\Lgs\LaTeX\MiKTeX 2.9\tex/latex/hyperref\pd1enc.def"
File: pd1enc.def 2018/11/30 v6.88e Hyperref: PDFDocEncoding definition (HO)
Now handling font encoding PD1 ...
... no UTF-8 mapping file for font encoding PD1
)
\Hy@SavedSpaceFactor=\count311

("C:\Lgs\LaTeX\MiKTeX 2.9\tex/latex/00miktex\hyperref.cfg"
File: hyperref.cfg 2002/06/06 v1.2 hyperref configuration of TeXLive
)
Package hyperref Info: Hyper figures OFF on input line 4519.
Package hyperref Info: Link nesting OFF on input line 4524.
Package hyperref Info: Hyper index ON on input line 4527.
Package hyperref Info: Plain pages OFF on input line 4534.
Package hyperref Info: Backreferencing OFF on input line 4539.
Package hyperref Info: Implicit mode ON; LaTeX internals redefined.
Package hyperref Info: Bookmarks ON on input line 4772.
\c@Hy@tempcnt=\count312

("C:\Lgs\LaTeX\MiKTeX 2.9\tex/latex/url\url.sty"
\Urlmuskip=\muskip10
Package: url 2013/09/16  ver 3.4  Verb mode for urls, etc.
)
LaTeX Info: Redefining \url on input line 5125.
\XeTeXLinkMargin=\dimen281
\Fld@menulength=\count313
\Field@Width=\dimen282
\Fld@charsize=\dimen283
Package hyperref Info: Hyper figures OFF on input line 6380.
Package hyperref Info: Link nesting OFF on input line 6385.
Package hyperref Info: Hyper index ON on input line 6388.
Package hyperref Info: backreferencing OFF on input line 6395.
Package hyperref Info: Link coloring OFF on input line 6400.
Package hyperref Info: Link coloring with OCG OFF on input line 6405.
Package hyperref Info: PDF/A mode OFF on input line 6410.
LaTeX Info: Redefining \ref on input line 6450.
LaTeX Info: Redefining \pageref on input line 6454.
\Hy@abspage=\count314
\c@Item=\count315
\c@Hfootnote=\count316
)
("C:\Lgs\LaTeX\MiKTeX 2.9\tex/latex/memoir\memhfixc.sty"
Package: memhfixc 2013/05/30 v1.17 nameref/hyperref package fixes for memoir cl
ass
\c@memhycontfloat=\count317
\c@Hpagenote=\count318
)
Package hyperref Info: Driver (autodetected): hpdftex.

("C:\Lgs\LaTeX\MiKTeX 2.9\tex/latex/hyperref\hpdftex.def"
File: hpdftex.def 2018/11/30 v6.88e Hyperref driver for pdfTeX
\Fld@listcount=\count319
\c@bookmark@seq@number=\count320

("C:\Lgs\LaTeX\MiKTeX 2.9\tex/latex/oberdiek\rerunfilecheck.sty"
Package: rerunfilecheck 2016/05/16 v1.8 Rerun checks for auxiliary files (HO)
Package uniquecounter Info: New unique counter `rerunfilecheck' on input line 2
82.
)
\Hy@SectionHShift=\skip281
)
("C:\Lgs\LaTeX\MiKTeX 2.9\tex/latex/xstring\xstring.sty"
("C:\Lgs\LaTeX\MiKTeX 2.9\tex/generic/xstring\xstring.tex"
\integerpart=\count321
\decimalpart=\count322
)
Package: xstring 2019/02/06 v1.83 String manipulations (CT)
)
("C:\Lgs\LaTeX\MiKTeX 2.9\tex/latex/xargs\xargs.sty"
Package: xargs 2008/03/22 v1.1  extended macro definitions  (mpg)
\xargs@max=\count323
\xargs@toksa=\toks47
\xargs@toksb=\toks48
)
("C:\Lgs\LaTeX\MiKTeX 2.9\tex/latex/float\float.sty"
Package: float 2001/11/08 v1.3d Float enhancements (AL)
\c@float@type=\count324
\float@exts=\toks49
\float@box=\box67
\@float@everytoks=\toks50
\@floatcapt=\box68
)
("C:\Lgs\LaTeX\MiKTeX 2.9\tex/latex/wrapfig\wrapfig.sty"
\wrapoverhang=\dimen284
\WF@size=\dimen285
\c@WF@wrappedlines=\count325
\WF@box=\box69
\WF@everypar=\toks51
Package: wrapfig 2003/01/31  v 3.6
)

Class memoir Warning: You are using the caption package with the memoir class. 
To prepare we will now reset all captioning macros and configurations to kernel
 defaults, and then let the caption package take over. Please remember to use
 the caption package interfaces in order to
 configure your captions.

("C:\Lgs\LaTeX\MiKTeX 2.9\tex/latex/caption\caption.sty"
Package: caption 2018/10/06 v3.3-154 Customizing captions (AR)

("C:\Lgs\LaTeX\MiKTeX 2.9\tex/latex/caption\caption3.sty"
Package: caption3 2018/09/12 v1.8c caption3 kernel (AR)
Package caption3 Info: TeX engine: e-TeX on input line 64.
\captionmargin=\dimen286
\captionmargin@=\dimen287
\captionwidth=\dimen288
\caption@tempdima=\dimen289
\caption@indent=\dimen290
\caption@parindent=\dimen291
\caption@hangindent=\dimen292
)
\c@caption@flags=\count326
\c@ContinuedFloat=\count327
Package caption Info: float package is loaded.
Package caption Info: hyperref package is loaded.
Package caption Info: wrapfig package is loaded.
)
("C:\Lgs\LaTeX\MiKTeX 2.9\tex/latex/mdframed\mdframed.sty"
Package: mdframed 2013/07/01 1.9b: mdframed

("C:\Lgs\LaTeX\MiKTeX 2.9\tex/latex/l3packages/xparse\xparse.sty"
("C:\Lgs\LaTeX\MiKTeX 2.9\tex/latex/l3kernel\expl3.sty"
Package: expl3 2019-05-28 L3 programming layer (loader) 

("C:\Lgs\LaTeX\MiKTeX 2.9\tex/latex/l3kernel\expl3-code.tex"
Package: expl3 2019-05-28 L3 programming layer (code)
\c_max_int=\count328
\l_tmpa_int=\count329
\l_tmpb_int=\count330
\g_tmpa_int=\count331
\g_tmpb_int=\count332
\g__kernel_prg_map_int=\count333
\c__ior_term_ior=\count334
\c_log_iow=\count335
\l_iow_line_count_int=\count336
\l__iow_line_target_int=\count337
\l__iow_one_indent_int=\count338
\l__iow_indent_int=\count339
\c_zero_dim=\dimen293
\c_max_dim=\dimen294
\l_tmpa_dim=\dimen295
\l_tmpb_dim=\dimen296
\g_tmpa_dim=\dimen297
\g_tmpb_dim=\dimen298
\c_zero_skip=\skip282
\c_max_skip=\skip283
\l_tmpa_skip=\skip284
\l_tmpb_skip=\skip285
\g_tmpa_skip=\skip286
\g_tmpb_skip=\skip287
\c_zero_muskip=\muskip11
\c_max_muskip=\muskip12
\l_tmpa_muskip=\muskip13
\l_tmpb_muskip=\muskip14
\g_tmpa_muskip=\muskip15
\g_tmpb_muskip=\muskip16
\l_keys_choice_int=\count340
\l__intarray_loop_int=\count341
\c__intarray_sp_dim=\dimen299
\g__intarray_font_int=\count342
\c__fp_leading_shift_int=\count343
\c__fp_middle_shift_int=\count344
\c__fp_trailing_shift_int=\count345
\c__fp_big_leading_shift_int=\count346
\c__fp_big_middle_shift_int=\count347
\c__fp_big_trailing_shift_int=\count348
\c__fp_Bigg_leading_shift_int=\count349
\c__fp_Bigg_middle_shift_int=\count350
\c__fp_Bigg_trailing_shift_int=\count351
\c__kernel_randint_max_int=\count352
\g__fp_array_int=\count353
\l__fp_array_loop_int=\count354
\l__sort_length_int=\count355
\l__sort_min_int=\count356
\l__sort_top_int=\count357
\l__sort_max_int=\count358
\l__sort_true_max_int=\count359
\l__sort_block_int=\count360
\l__sort_begin_int=\count361
\l__sort_end_int=\count362
\l__sort_A_int=\count363
\l__sort_B_int=\count364
\l__sort_C_int=\count365
\l__tl_analysis_normal_int=\count366
\l__tl_analysis_index_int=\count367
\l__tl_analysis_nesting_int=\count368
\l__tl_analysis_type_int=\count369
\l__regex_internal_a_int=\count370
\l__regex_internal_b_int=\count371
\l__regex_internal_c_int=\count372
\l__regex_balance_int=\count373
\l__regex_group_level_int=\count374
\l__regex_mode_int=\count375
\c__regex_cs_in_class_mode_int=\count376
\c__regex_cs_mode_int=\count377
\l__regex_catcodes_int=\count378
\l__regex_default_catcodes_int=\count379
\c__regex_catcode_D_int=\count380
\c__regex_catcode_S_int=\count381
\c__regex_catcode_L_int=\count382
\c__regex_catcode_O_int=\count383
\c__regex_catcode_A_int=\count384
\c__regex_all_catcodes_int=\count385
\l__regex_show_lines_int=\count386
\l__regex_min_state_int=\count387
\l__regex_max_state_int=\count388
\l__regex_left_state_int=\count389
\l__regex_right_state_int=\count390
\l__regex_capturing_group_int=\count391
\l__regex_min_pos_int=\count392
\l__regex_max_pos_int=\count393
\l__regex_curr_pos_int=\count394
\l__regex_start_pos_int=\count395
\l__regex_success_pos_int=\count396
\l__regex_curr_char_int=\count397
\l__regex_curr_catcode_int=\count398
\l__regex_last_char_int=\count399
\l__regex_case_changed_char_int=\count400
\l__regex_curr_state_int=\count401
\l__regex_step_int=\count402
\l__regex_min_active_int=\count403
\l__regex_max_active_int=\count404
\l__regex_replacement_csnames_int=\count405
\l__regex_match_count_int=\count406
\l__regex_min_submatch_int=\count407
\l__regex_submatch_int=\count408
\l__regex_zeroth_submatch_int=\count409
\g__regex_trace_regex_int=\count410
\c_empty_box=\box70
\l_tmpa_box=\box71
\l_tmpb_box=\box72
\g_tmpa_box=\box73
\g_tmpb_box=\box74
\l__box_top_dim=\dimen300
\l__box_bottom_dim=\dimen301
\l__box_left_dim=\dimen302
\l__box_right_dim=\dimen303
\l__box_top_new_dim=\dimen304
\l__box_bottom_new_dim=\dimen305
\l__box_left_new_dim=\dimen306
\l__box_right_new_dim=\dimen307
\l__box_internal_box=\box75
\l__coffin_internal_box=\box76
\l__coffin_internal_dim=\dimen308
\l__coffin_offset_x_dim=\dimen309
\l__coffin_offset_y_dim=\dimen310
\l__coffin_x_dim=\dimen311
\l__coffin_y_dim=\dimen312
\l__coffin_x_prime_dim=\dimen313
\l__coffin_y_prime_dim=\dimen314
\c_empty_coffin=\box77
\l__coffin_aligned_coffin=\box78
\l__coffin_aligned_internal_coffin=\box79
\l_tmpa_coffin=\box80
\l_tmpb_coffin=\box81
\g_tmpa_coffin=\box82
\g_tmpb_coffin=\box83
\l__coffin_bounding_shift_dim=\dimen315
\l__coffin_left_corner_dim=\dimen316
\l__coffin_right_corner_dim=\dimen317
\l__coffin_bottom_corner_dim=\dimen318
\l__coffin_top_corner_dim=\dimen319
\l__coffin_scaled_total_height_dim=\dimen320
\l__coffin_scaled_width_dim=\dimen321
\c__coffin_empty_coffin=\box84
\l__coffin_display_coffin=\box85
\l__coffin_display_coord_coffin=\box86
\l__coffin_display_pole_coffin=\box87
\l__coffin_display_offset_dim=\dimen322
\l__coffin_display_x_dim=\dimen323
\l__coffin_display_y_dim=\dimen324
\g__file_internal_ior=\read3
\l__seq_internal_a_int=\count411
\l__seq_internal_b_int=\count412
\c__deprecation_minus_one=\count413
)
("C:\Lgs\LaTeX\MiKTeX 2.9\tex/latex/l3kernel\l3pdfmode.def"
File: l3pdfmode.def 2019-04-06 v L3 Experimental driver: PDF mode
\l__driver_internal_box=\box88
\l__driver_color_stack_int=\count414
))
Package: xparse 2019-05-28 L3 Experimental document command parser
\l__xparse_current_arg_int=\count415
\g__xparse_grabber_int=\count416
\l__xparse_m_args_int=\count417
\l__xparse_v_nesting_int=\count418
)
("C:\Lgs\LaTeX\MiKTeX 2.9\tex/latex/etoolbox\etoolbox.sty"
Package: etoolbox 2018/02/11 v2.5e e-TeX tools for LaTeX (JAW)
\etb@tempcnta=\count419
)
("C:\Lgs\LaTeX\MiKTeX 2.9\tex/latex/oberdiek\zref-abspage.sty"
Package: zref-abspage 2018/11/21 v2.27 Module abspage for zref (HO)

("C:\Lgs\LaTeX\MiKTeX 2.9\tex/latex/oberdiek\zref-base.sty"
Package: zref-base 2018/11/21 v2.27 Module base for zref (HO)
Package zref Info: New property list: main on input line 759.
Package zref Info: New property: default on input line 760.
Package zref Info: New property: page on input line 761.
)
\c@abspage=\count420
Package zref Info: New property: abspage on input line 62.
)
\mdf@templength=\skip288
\c@mdf@globalstyle@cnt=\count421
\mdf@skipabove@length=\skip289
\mdf@skipbelow@length=\skip290
\mdf@leftmargin@length=\skip291
\mdf@rightmargin@length=\skip292
\mdf@innerleftmargin@length=\skip293
\mdf@innerrightmargin@length=\skip294
\mdf@innertopmargin@length=\skip295
\mdf@innerbottommargin@length=\skip296
\mdf@splittopskip@length=\skip297
\mdf@splitbottomskip@length=\skip298
\mdf@outermargin@length=\skip299
\mdf@innermargin@length=\skip300
\mdf@linewidth@length=\skip301
\mdf@innerlinewidth@length=\skip302
\mdf@middlelinewidth@length=\skip303
\mdf@outerlinewidth@length=\skip304
\mdf@roundcorner@length=\skip305
\mdf@footenotedistance@length=\skip306
\mdf@userdefinedwidth@length=\skip307
\mdf@needspace@length=\skip308
\mdf@frametitleaboveskip@length=\skip309
\mdf@frametitlebelowskip@length=\skip310
\mdf@frametitlerulewidth@length=\skip311
\mdf@frametitleleftmargin@length=\skip312
\mdf@frametitlerightmargin@length=\skip313
\mdf@shadowsize@length=\skip314
\mdf@extratopheight@length=\skip315
\mdf@subtitleabovelinewidth@length=\skip316
\mdf@subtitlebelowlinewidth@length=\skip317
\mdf@subtitleaboveskip@length=\skip318
\mdf@subtitlebelowskip@length=\skip319
\mdf@subtitleinneraboveskip@length=\skip320
\mdf@subtitleinnerbelowskip@length=\skip321
\mdf@subsubtitleabovelinewidth@length=\skip322
\mdf@subsubtitlebelowlinewidth@length=\skip323
\mdf@subsubtitleaboveskip@length=\skip324
\mdf@subsubtitlebelowskip@length=\skip325
\mdf@subsubtitleinneraboveskip@length=\skip326
\mdf@subsubtitleinnerbelowskip@length=\skip327

("C:\Lgs\LaTeX\MiKTeX 2.9\tex/latex/mdframed\md-frame-1.mdf"
File: md-frame-1.mdf 2013/07/01\ 1.9b: md-frame-1
)
\mdf@frametitlebox=\box89
\mdf@footnotebox=\box90
\mdf@splitbox@one=\box91
\mdf@splitbox@two=\box92
\mdf@splitbox@save=\box93
\mdfsplitboxwidth=\skip328
\mdfsplitboxtotalwidth=\skip329
\mdfsplitboxheight=\skip330
\mdfsplitboxdepth=\skip331
\mdfsplitboxtotalheight=\skip332
\mdfframetitleboxwidth=\skip333
\mdfframetitleboxtotalwidth=\skip334
\mdfframetitleboxheight=\skip335
\mdfframetitleboxdepth=\skip336
\mdfframetitleboxtotalheight=\skip337
\mdffootnoteboxwidth=\skip338
\mdffootnoteboxtotalwidth=\skip339
\mdffootnoteboxheight=\skip340
\mdffootnoteboxdepth=\skip341
\mdffootnoteboxtotalheight=\skip342
\mdftotallinewidth=\skip343
\mdfboundingboxwidth=\skip344
\mdfboundingboxtotalwidth=\skip345
\mdfboundingboxheight=\skip346
\mdfboundingboxdepth=\skip347
\mdfboundingboxtotalheight=\skip348
\mdf@freevspace@length=\skip349
\mdf@horizontalwidthofbox@length=\skip350
\mdf@verticalmarginwhole@length=\skip351
\mdf@horizontalspaceofbox=\skip352
\mdfsubtitleheight=\skip353
\mdfsubsubtitleheight=\skip354
\c@mdfcountframes=\count422

****** mdframed patching \endmdf@trivlist

****** -- success******

\mdf@envdepth=\count423
\c@mdf@env@i=\count424
\c@mdf@env@ii=\count425
\c@mdf@zref@counter=\count426
Package zref Info: New property: mdf@pagevalue on input line 895.
)
("C:\Lgs\LaTeX\MiKTeX 2.9\tex/latex/todonotes\todonotes.sty"
Package: todonotes 2019/01/24 v1.1.2 Todonotes source and documentation.
Package: todonotes 2018/11/22

("C:\Lgs\LaTeX\MiKTeX 2.9\tex/generic/pgf/frontendlayer/tikz/libraries\tikzlibr
aryshadows.code.tex"
File: tikzlibraryshadows.code.tex 2019/05/09 v3.1.3 (3.1.3)

("C:\Lgs\LaTeX\MiKTeX 2.9\tex/generic/pgf/frontendlayer/tikz/libraries\tikzlibr
aryfadings.code.tex"
File: tikzlibraryfadings.code.tex 2019/05/09 v3.1.3 (3.1.3)

("C:\Lgs\LaTeX\MiKTeX 2.9\tex/generic/pgf/libraries\pgflibraryfadings.code.tex"
File: pgflibraryfadings.code.tex 2019/05/09 v3.1.3 (3.1.3)
))) ("C:\Lgs\LaTeX\MiKTeX 2.9\tex/latex/tools\calc.sty"
Package: calc 2017/05/25 v4.3 Infix arithmetic (KKT,FJ)
\calc@Acount=\count427
\calc@Bcount=\count428
\calc@Adimen=\dimen325
\calc@Bdimen=\dimen326
\calc@Askip=\skip355
\calc@Bskip=\skip356
LaTeX Info: Redefining \setlength on input line 80.
LaTeX Info: Redefining \addtolength on input line 81.
\calc@Ccount=\count429
\calc@Cskip=\skip357
)
\c@@todonotes@numberoftodonotes=\count430
)
("C:\Lgs\LaTeX\MiKTeX 2.9\tex/latex/ulem\ulem.sty"
\UL@box=\box94
\UL@hyphenbox=\box95
\UL@skip=\skip358
\UL@hook=\toks52
\UL@height=\dimen327
\UL@pe=\count431
\UL@pixel=\dimen328
\ULC@box=\box96
Package: ulem 2012/05/18
\ULdepth=\dimen329
)
("C:\Lgs\LaTeX\MiKTeX 2.9\tex/latex/pgfornament\pgfornament.sty"
("C:\Lgs\LaTeX\MiKTeX 2.9\tex/latex/pgfopts\pgfopts.sty"
Package: pgfopts 2014/07/10 v2.1a LaTeX package options with pgfkeys
\pgfopts@list@add@a@toks=\toks53
\pgfopts@list@add@b@toks=\toks54
)
Package: pgfornament 2016/03/05 v0.21 vector ornaments

("C:\Lgs\LaTeX\MiKTeX 2.9\tex/latex/pgfornament\pgflibraryvectorian.code.tex"))
("C:\Lgs\LaTeX\MiKTeX 2.9\tex/latex/lettrine\lettrine.sty"
File: lettrine.sty 2019-04-06 v2.22 (Daniel Flipo)

("C:\Lgs\LaTeX\MiKTeX 2.9\tex/generic/minifp\minifp.sty"
Package: minifp 2013/12/30 v0.96. Macros for real number operations and a stack
-based programing language.
\MFP@loopctr=\count432
)
\c@DefaultLines=\count433
\c@DefaultDepth=\count434
\DefaultFindent=\dimen330
\DefaultNindent=\dimen331
\DefaultSlope=\dimen332
\DiscardVskip=\dimen333
\L@lbox=\box97
\L@tbox=\box98
\c@L@lines=\count435
\c@L@depth=\count436
\L@Pindent=\dimen334
\L@Findent=\dimen335
\L@Nindent=\dimen336
\L@lraise=\dimen337
\L@first=\dimen338
\L@next=\dimen339
\L@slope=\dimen340
\L@height=\dimen341
\L@novskip=\dimen342
\L@target@ht=\dimen343
\L@target@dp=\dimen344
\L@target@tht=\dimen345
\LettrineWidth=\dimen346
\LettrineHeight=\dimen347
\LettrineDepth=\dimen348
\Llist@everypar=\toks55

Loading lettrine.cfg
("C:\Lgs\LaTeX\MiKTeX 2.9\tex/latex/lettrine\lettrine.cfg"))
("C:\Lgs\LaTeX\MiKTeX 2.9\tex/latex/draftwatermark\draftwatermark.sty"
Package: draftwatermark 2015/02/19 1.2 Put a gray textual watermark on document
 pages

("C:\Lgs\LaTeX\MiKTeX 2.9\tex/latex/everypage\everypage.sty"
Package: everypage 2007/06/20 1.1 Hooks to run on every page
)
\sc@wm@hcenter=\skip359
\sc@wm@vcenter=\skip360
\sc@wm@fontsize=\skip361
)
("C:\Lgs\LaTeX\MiKTeX 2.9\tex/latex/pgfgantt\pgfgantt.sty"
Package: pgfgantt 2018/01/10 v5.0 Draw Gantt diagrams with TikZ

("C:\Lgs\LaTeX\MiKTeX 2.9\tex/generic/pgf/frontendlayer/tikz/libraries\tikzlibr
arypatterns.code.tex"
File: tikzlibrarypatterns.code.tex 2019/05/09 v3.1.3 (3.1.3)

("C:\Lgs\LaTeX\MiKTeX 2.9\tex/generic/pgf/libraries\pgflibrarypatterns.code.tex
"
File: pgflibrarypatterns.code.tex 2019/05/09 v3.1.3 (3.1.3)
)) ("C:\Lgs\LaTeX\MiKTeX 2.9\tex/latex/pgf/utilities\pgfcalendar.sty"
("C:\Lgs\LaTeX\MiKTeX 2.9\tex/generic/pgf/utilities\pgfcalendar.code.tex"
File: pgfcalendar.code.tex 2019/05/09 v3.1.3 (3.1.3)

("C:\Lgs\LaTeX\MiKTeX 2.9\tex/generic/pgf/math\pgfint.code.tex")
\pgfcalendarcurrentjulian=\count437
\pgf@cal@easter@Y=\count438
\pgf@cal@easter@G=\count439
\pgf@cal@easter@C=\count440
\pgf@cal@easter@X=\count441
\pgf@cal@easter@Z=\count442
\pgf@cal@easter@D=\count443
\pgf@cal@easter@E=\count444
\pgf@cal@easter@N=\count445
\pgf@cal@easter@M=\count446
\pgf@cal@easter@julianday=\count447
))
\gtt@currentline=\count448
\gtt@lasttitleline=\count449
\gtt@currgrid=\count450
\gtt@chartwidth=\count451
\gtt@lasttitleslot=\count452
\gtt@elementid=\count453
\gtt@today@slot=\count454
\gtt@startjulian=\count455
\gtt@endjulian=\count456
\gtt@chartid=\count457
\gtt@vrule@slot=\count458
\gtt@calendar@slots=\count459
\gtt@calendar@weeknumber=\count460
\gtt@calendar@startofweek=\count461
\gtt@left@slot=\count462
\gtt@right@slot=\count463
)
("C:\Lgs\LaTeX\MiKTeX 2.9\tex/latex/tablefootnote\tablefootnote.sty"
Package: tablefootnote 2014/01/26 v1.1c Table foot notes (HMM)

("C:\Lgs\LaTeX\MiKTeX 2.9\tex/latex/xifthen\xifthen.sty"
Package: xifthen 2015/11/05 v1.4.0 Extended ifthen features
))
("C:\Lgs\LaTeX\MiKTeX 2.9\tex/latex/caption\subcaption.sty"
Package: subcaption 2018/05/01 v1.1-162 Sub-captions (AR)
\c@subfigure=\count464
\c@subtable=\count465
)
("C:\Lgs\LaTeX\MiKTeX 2.9\tex/latex/adjustbox\adjustbox.sty"
Package: adjustbox 2019/01/04 v1.2 Adjusting TeX boxes (trim, clip, ...)

("C:\Lgs\LaTeX\MiKTeX 2.9\tex/latex/adjustbox\adjcalc.sty"
Package: adjcalc 2012/05/16 v1.1 Provides advanced setlength with multiple back
-ends (calc, etex, pgfmath)
)
("C:\Lgs\LaTeX\MiKTeX 2.9\tex/latex/adjustbox\trimclip.sty"
Package: trimclip 2018/04/08 v1.1 Trim and clip general TeX material

("C:\Lgs\LaTeX\MiKTeX 2.9\tex/latex/collectbox\collectbox.sty"
Package: collectbox 2012/05/17 v0.4b Collect macro arguments as boxes
\collectedbox=\box99
)
\tc@llx=\dimen349
\tc@lly=\dimen350
\tc@urx=\dimen351
\tc@ury=\dimen352
Package trimclip Info: Using driver 'tc-pdftex.def'.

("C:\Lgs\LaTeX\MiKTeX 2.9\tex/latex/adjustbox\tc-pdftex.def"
File: tc-pdftex.def 2019/01/04 v2.2 Clipping driver for pdftex
))
\adjbox@Width=\dimen353
\adjbox@Height=\dimen354
\adjbox@Depth=\dimen355
\adjbox@Totalheight=\dimen356
\adjbox@pwidth=\dimen357
\adjbox@pheight=\dimen358
\adjbox@pdepth=\dimen359
\adjbox@ptotalheight=\dimen360

("C:\Lgs\LaTeX\MiKTeX 2.9\tex/latex/ifoddpage\ifoddpage.sty"
Package: ifoddpage 2016/04/23 v1.1 Conditionals for odd/even page detection
\c@checkoddpage=\count466
LaTeX Info: Redefining \checkoddpage on input line 45.
)
("C:\Lgs\LaTeX\MiKTeX 2.9\tex/latex/varwidth\varwidth.sty"
Package: varwidth 2009/03/30 ver 0.92;  Variable-width minipages
\@vwid@box=\box100
\sift@deathcycles=\count467
\@vwid@loff=\dimen361
\@vwid@roff=\dimen362
))
("C:\Lgs\LaTeX\MiKTeX 2.9\tex/latex/datetime2\datetime2.sty"
Package: datetime2 2018/07/20 v1.5.3 (NLCT) date and time formats

("C:\Lgs\LaTeX\MiKTeX 2.9\tex/latex/tracklang\tracklang.sty"
Package: tracklang 2018/05/13 v1.3.6 (NLCT) Track Languages

("C:\Lgs\LaTeX\MiKTeX 2.9\tex/generic/tracklang\tracklang.tex"))
("C:\Lgs\LaTeX\MiKTeX 2.9\tex/latex/datetime2-spanish\datetime2-spanish.ldf"
File: datetime2-spanish.ldf 2017/11/13 v1.1

("C:\Lgs\LaTeX\MiKTeX 2.9\tex/latex/datetime2-spanish\datetime2-spanish-ascii.l
df"
File: datetime2-spanish-ascii.ldf 2017/11/13 v1.1
))) ("C:\Lgs\LaTeX\MiKTeX 2.9\tex/latex/datetime2\datetime2-calc.sty"
Package: datetime2-calc 2018/07/20 v1.5.3 (NLCT)
\@dtm@julianday=\count468
)
("C:\Lgs\LaTeX\MiKTeX 2.9\tex/latex/koma-script\scrlayer-scrpage.sty"
Package: scrlayer-scrpage 2019/02/01 v3.26b KOMA-Script package (end user inter
face for scrlayer)

("C:\Lgs\LaTeX\MiKTeX 2.9\tex/latex/koma-script\scrlayer.sty"
Package: scrlayer 2019/02/01 v3.26b KOMA-Script package (defining layers and pa
ge styles)

("C:\Lgs\LaTeX\MiKTeX 2.9\tex/latex/koma-script\scrkbase.sty"
Package: scrkbase 2019/02/01 v3.26b KOMA-Script package (KOMA-Script-dependent 
basics and keyval usage)

("C:\Lgs\LaTeX\MiKTeX 2.9\tex/latex/koma-script\scrbase.sty"
Package: scrbase 2019/02/01 v3.26b KOMA-Script package (KOMA-Script-independent
 basics and keyval usage)

("C:\Lgs\LaTeX\MiKTeX 2.9\tex/latex/koma-script\scrlfile.sty"
Package: scrlfile 2019/02/01 v3.26b KOMA-Script package (loading files)


LaTeX Warning: Command \InputIfFileExists  has changed.
               Check if current package is valid.

)))
\footheight=\skip362
Package scrlayer Info: patching LaTeX kernel macro \pagestyle on input line 208
3.
))
Package scrlayer-scrpage Info: auto-selection of `pagestyleset=standard'.
) ("C:\Lgs\LaTeX\MiKTeX 2.9\tex/latex/fira\FiraSans.sty"
Package: FiraSans 2018/05/23 (Bob Tennent and autoinst) Style file for Fira San
s fonts.

("C:\Lgs\LaTeX\MiKTeX 2.9\tex/latex/base\textcomp.sty"
Package: textcomp 2018/08/11 v2.0j Standard LaTeX package
Package textcomp Info: Sub-encoding information:
(textcomp)               5 = only ISO-Adobe without \textcurrency
(textcomp)               4 = 5 + \texteuro
(textcomp)               3 = 4 + \textohm
(textcomp)               2 = 3 + \textestimated + \textcurrency
(textcomp)               1 = TS1 - \textcircled - \t
(textcomp)               0 = TS1 (full)
(textcomp)             Font families with sub-encoding setting implement
(textcomp)             only a restricted character set as indicated.
(textcomp)             Family '?' is the default used for unknown fonts.
(textcomp)             See the documentation for details.
Package textcomp Info: Setting ? sub-encoding to TS1/1 on input line 79.

("C:\Lgs\LaTeX\MiKTeX 2.9\tex/latex/base\ts1enc.def"
File: ts1enc.def 2001/06/05 v3.0e (jk/car/fm) Standard LaTeX file
Now handling font encoding TS1 ...
... processing UTF-8 mapping file for font encoding TS1

("C:\Lgs\LaTeX\MiKTeX 2.9\tex/latex/base\ts1enc.dfu"
File: ts1enc.dfu 2018/10/05 v1.2f UTF-8 support for inputenc
   defining Unicode char U+00A2 (decimal 162)
   defining Unicode char U+00A3 (decimal 163)
   defining Unicode char U+00A4 (decimal 164)
   defining Unicode char U+00A5 (decimal 165)
   defining Unicode char U+00A6 (decimal 166)
   defining Unicode char U+00A7 (decimal 167)
   defining Unicode char U+00A8 (decimal 168)
   defining Unicode char U+00A9 (decimal 169)
   defining Unicode char U+00AA (decimal 170)
   defining Unicode char U+00AC (decimal 172)
   defining Unicode char U+00AE (decimal 174)
   defining Unicode char U+00AF (decimal 175)
   defining Unicode char U+00B0 (decimal 176)
   defining Unicode char U+00B1 (decimal 177)
   defining Unicode char U+00B2 (decimal 178)
   defining Unicode char U+00B3 (decimal 179)
   defining Unicode char U+00B4 (decimal 180)
   defining Unicode char U+00B5 (decimal 181)
   defining Unicode char U+00B6 (decimal 182)
   defining Unicode char U+00B7 (decimal 183)
   defining Unicode char U+00B9 (decimal 185)
   defining Unicode char U+00BA (decimal 186)
   defining Unicode char U+00BC (decimal 188)
   defining Unicode char U+00BD (decimal 189)
   defining Unicode char U+00BE (decimal 190)
   defining Unicode char U+00D7 (decimal 215)
   defining Unicode char U+00F7 (decimal 247)
   defining Unicode char U+0192 (decimal 402)
   defining Unicode char U+02C7 (decimal 711)
   defining Unicode char U+02D8 (decimal 728)
   defining Unicode char U+02DD (decimal 733)
   defining Unicode char U+0E3F (decimal 3647)
   defining Unicode char U+2016 (decimal 8214)
   defining Unicode char U+2020 (decimal 8224)
   defining Unicode char U+2021 (decimal 8225)
   defining Unicode char U+2022 (decimal 8226)
   defining Unicode char U+2030 (decimal 8240)
   defining Unicode char U+2031 (decimal 8241)
   defining Unicode char U+203B (decimal 8251)
   defining Unicode char U+203D (decimal 8253)
   defining Unicode char U+2044 (decimal 8260)
   defining Unicode char U+204E (decimal 8270)
   defining Unicode char U+2052 (decimal 8274)
   defining Unicode char U+20A1 (decimal 8353)
   defining Unicode char U+20A4 (decimal 8356)
   defining Unicode char U+20A6 (decimal 8358)
   defining Unicode char U+20A9 (decimal 8361)
   defining Unicode char U+20AB (decimal 8363)
   defining Unicode char U+20AC (decimal 8364)
   defining Unicode char U+20B1 (decimal 8369)
   defining Unicode char U+2103 (decimal 8451)
   defining Unicode char U+2116 (decimal 8470)
   defining Unicode char U+2117 (decimal 8471)
   defining Unicode char U+211E (decimal 8478)
   defining Unicode char U+2120 (decimal 8480)
   defining Unicode char U+2122 (decimal 8482)
   defining Unicode char U+2126 (decimal 8486)
   defining Unicode char U+2127 (decimal 8487)
   defining Unicode char U+212E (decimal 8494)
   defining Unicode char U+2190 (decimal 8592)
   defining Unicode char U+2191 (decimal 8593)
   defining Unicode char U+2192 (decimal 8594)
   defining Unicode char U+2193 (decimal 8595)
   defining Unicode char U+2329 (decimal 9001)
   defining Unicode char U+232A (decimal 9002)
   defining Unicode char U+2422 (decimal 9250)
   defining Unicode char U+25E6 (decimal 9702)
   defining Unicode char U+25EF (decimal 9711)
   defining Unicode char U+266A (decimal 9834)
   defining Unicode char U+FEFF (decimal 65279)
))
LaTeX Info: Redefining \oldstylenums on input line 334.
Package textcomp Info: Setting cmr sub-encoding to TS1/0 on input line 349.
Package textcomp Info: Setting cmss sub-encoding to TS1/0 on input line 350.
Package textcomp Info: Setting cmtt sub-encoding to TS1/0 on input line 351.
Package textcomp Info: Setting cmvtt sub-encoding to TS1/0 on input line 352.
Package textcomp Info: Setting cmbr sub-encoding to TS1/0 on input line 353.
Package textcomp Info: Setting cmtl sub-encoding to TS1/0 on input line 354.
Package textcomp Info: Setting ccr sub-encoding to TS1/0 on input line 355.
Package textcomp Info: Setting ptm sub-encoding to TS1/4 on input line 356.
Package textcomp Info: Setting pcr sub-encoding to TS1/4 on input line 357.
Package textcomp Info: Setting phv sub-encoding to TS1/4 on input line 358.
Package textcomp Info: Setting ppl sub-encoding to TS1/3 on input line 359.
Package textcomp Info: Setting pag sub-encoding to TS1/4 on input line 360.
Package textcomp Info: Setting pbk sub-encoding to TS1/4 on input line 361.
Package textcomp Info: Setting pnc sub-encoding to TS1/4 on input line 362.
Package textcomp Info: Setting pzc sub-encoding to TS1/4 on input line 363.
Package textcomp Info: Setting bch sub-encoding to TS1/4 on input line 364.
Package textcomp Info: Setting put sub-encoding to TS1/5 on input line 365.
Package textcomp Info: Setting uag sub-encoding to TS1/5 on input line 366.
Package textcomp Info: Setting ugq sub-encoding to TS1/5 on input line 367.
Package textcomp Info: Setting ul8 sub-encoding to TS1/4 on input line 368.
Package textcomp Info: Setting ul9 sub-encoding to TS1/4 on input line 369.
Package textcomp Info: Setting augie sub-encoding to TS1/5 on input line 370.
Package textcomp Info: Setting dayrom sub-encoding to TS1/3 on input line 371.
Package textcomp Info: Setting dayroms sub-encoding to TS1/3 on input line 372.

Package textcomp Info: Setting pxr sub-encoding to TS1/0 on input line 373.
Package textcomp Info: Setting pxss sub-encoding to TS1/0 on input line 374.
Package textcomp Info: Setting pxtt sub-encoding to TS1/0 on input line 375.
Package textcomp Info: Setting txr sub-encoding to TS1/0 on input line 376.
Package textcomp Info: Setting txss sub-encoding to TS1/0 on input line 377.
Package textcomp Info: Setting txtt sub-encoding to TS1/0 on input line 378.
Package textcomp Info: Setting lmr sub-encoding to TS1/0 on input line 379.
Package textcomp Info: Setting lmdh sub-encoding to TS1/0 on input line 380.
Package textcomp Info: Setting lmss sub-encoding to TS1/0 on input line 381.
Package textcomp Info: Setting lmssq sub-encoding to TS1/0 on input line 382.
Package textcomp Info: Setting lmvtt sub-encoding to TS1/0 on input line 383.
Package textcomp Info: Setting lmtt sub-encoding to TS1/0 on input line 384.
Package textcomp Info: Setting qhv sub-encoding to TS1/0 on input line 385.
Package textcomp Info: Setting qag sub-encoding to TS1/0 on input line 386.
Package textcomp Info: Setting qbk sub-encoding to TS1/0 on input line 387.
Package textcomp Info: Setting qcr sub-encoding to TS1/0 on input line 388.
Package textcomp Info: Setting qcs sub-encoding to TS1/0 on input line 389.
Package textcomp Info: Setting qpl sub-encoding to TS1/0 on input line 390.
Package textcomp Info: Setting qtm sub-encoding to TS1/0 on input line 391.
Package textcomp Info: Setting qzc sub-encoding to TS1/0 on input line 392.
Package textcomp Info: Setting qhvc sub-encoding to TS1/0 on input line 393.
Package textcomp Info: Setting futs sub-encoding to TS1/4 on input line 394.
Package textcomp Info: Setting futx sub-encoding to TS1/4 on input line 395.
Package textcomp Info: Setting futj sub-encoding to TS1/4 on input line 396.
Package textcomp Info: Setting hlh sub-encoding to TS1/3 on input line 397.
Package textcomp Info: Setting hls sub-encoding to TS1/3 on input line 398.
Package textcomp Info: Setting hlst sub-encoding to TS1/3 on input line 399.
Package textcomp Info: Setting hlct sub-encoding to TS1/5 on input line 400.
Package textcomp Info: Setting hlx sub-encoding to TS1/5 on input line 401.
Package textcomp Info: Setting hlce sub-encoding to TS1/5 on input line 402.
Package textcomp Info: Setting hlcn sub-encoding to TS1/5 on input line 403.
Package textcomp Info: Setting hlcw sub-encoding to TS1/5 on input line 404.
Package textcomp Info: Setting hlcf sub-encoding to TS1/5 on input line 405.
Package textcomp Info: Setting pplx sub-encoding to TS1/3 on input line 406.
Package textcomp Info: Setting pplj sub-encoding to TS1/3 on input line 407.
Package textcomp Info: Setting ptmx sub-encoding to TS1/4 on input line 408.
Package textcomp Info: Setting ptmj sub-encoding to TS1/4 on input line 409.
)
("C:\Lgs\LaTeX\MiKTeX 2.9\tex/latex/mweights\mweights.sty"
Package: mweights 2017/03/30 (Bob Tennent) Support package for multiple-weight 
font packages. 
LaTeX Info: Redefining \bfseries on input line 22.
LaTeX Info: Redefining \mdseries on input line 30.
LaTeX Info: Redefining \rmfamily on input line 38.
LaTeX Info: Redefining \sffamily on input line 66.
LaTeX Info: Redefining \ttfamily on input line 94.
)
("C:\Lgs\LaTeX\MiKTeX 2.9\tex/latex/fontaxes\fontaxes.sty"
Package: fontaxes 2014/03/23 v1.0d Font selection axes
LaTeX Info: Redefining \upshape on input line 29.
LaTeX Info: Redefining \itshape on input line 31.
LaTeX Info: Redefining \slshape on input line 33.
LaTeX Info: Redefining \scshape on input line 37.
))
("C:\Lgs\LaTeX\MiKTeX 2.9\tex/latex/biblatex\biblatex.sty"
Package: biblatex 2018/11/02 v3.12 programmable bibliographies (PK/MW)

("C:\Lgs\LaTeX\MiKTeX 2.9\tex/latex/logreq\logreq.sty"
Package: logreq 2010/08/04 v1.0 xml request logger
\lrq@indent=\count469

("C:\Lgs\LaTeX\MiKTeX 2.9\tex/latex/logreq\logreq.def"
File: logreq.def 2010/08/04 v1.0 logreq spec v1.0
))
\c@tabx@nest=\count470
\c@listtotal=\count471
\c@listcount=\count472
\c@liststart=\count473
\c@liststop=\count474
\c@citecount=\count475
\c@citetotal=\count476
\c@multicitecount=\count477
\c@multicitetotal=\count478
\c@instcount=\count479
\c@maxnames=\count480
\c@minnames=\count481
\c@maxitems=\count482
\c@minitems=\count483
\c@citecounter=\count484
\c@maxcitecounter=\count485
\c@savedcitecounter=\count486
\c@uniquelist=\count487
\c@uniquename=\count488
\c@refsection=\count489
\c@refsegment=\count490
\c@maxextratitle=\count491
\c@maxextratitleyear=\count492
\c@maxextraname=\count493
\c@maxextradate=\count494
\c@maxextraalpha=\count495
\c@abbrvpenalty=\count496
\c@highnamepenalty=\count497
\c@lownamepenalty=\count498
\c@maxparens=\count499
\c@parenlevel=\count500
\blx@tempcnta=\count501
\blx@tempcntb=\count502
\blx@tempcntc=\count503
\blx@maxsection=\count504
\blx@maxsegment@0=\count505
\blx@notetype=\count506
\blx@parenlevel@text=\count507
\blx@parenlevel@foot=\count508
\blx@sectionciteorder@0=\count509
\blx@entrysetcounter=\count510
\labelnumberwidth=\skip363
\labelalphawidth=\skip364
\biblabelsep=\skip365
\bibnamesep=\skip366
\bibinitsep=\skip367
\bibparsep=\skip368
\bibhang=\skip369
\blx@bcfin=\read4
\blx@bcfout=\write5
\c@mincomprange=\count511
\c@maxcomprange=\count512
\c@mincompwidth=\count513
Package biblatex Info: Trying to load biblatex default data model...
Package biblatex Info: ... file 'blx-dm.def' found.

("C:\Lgs\LaTeX\MiKTeX 2.9\tex/latex/biblatex\blx-dm.def"
File: blx-dm.def 2018/11/02 v3.12 biblatex localization (PK/MW)
)
Package biblatex Info: Trying to load biblatex style data model...
Package biblatex Info: ... file 'numeric.dbx' not found.
Package biblatex Info: Trying to load biblatex custom data model...
Package biblatex Info: ... file 'biblatex-dm.cfg' not found.
\c@afterword=\count514
\c@savedafterword=\count515
\c@annotator=\count516
\c@savedannotator=\count517
\c@author=\count518
\c@savedauthor=\count519
\c@bookauthor=\count520
\c@savedbookauthor=\count521
\c@commentator=\count522
\c@savedcommentator=\count523
\c@editor=\count524
\c@savededitor=\count525
\c@editora=\count526
\c@savededitora=\count527
\c@editorb=\count528
\c@savededitorb=\count529
\c@editorc=\count530
\c@savededitorc=\count531
\c@foreword=\count532
\c@savedforeword=\count533
\c@holder=\count534
\c@savedholder=\count535
\c@introduction=\count536
\c@savedintroduction=\count537
\c@namea=\count538
\c@savednamea=\count539
\c@nameb=\count540
\c@savednameb=\count541
\c@namec=\count542
\c@savednamec=\count543
\c@translator=\count544
\c@savedtranslator=\count545
\c@shortauthor=\count546
\c@savedshortauthor=\count547
\c@shorteditor=\count548
\c@savedshorteditor=\count549
\c@labelname=\count550
\c@savedlabelname=\count551
\c@institution=\count552
\c@savedinstitution=\count553
\c@lista=\count554
\c@savedlista=\count555
\c@listb=\count556
\c@savedlistb=\count557
\c@listc=\count558
\c@savedlistc=\count559
\c@listd=\count560
\c@savedlistd=\count561
\c@liste=\count562
\c@savedliste=\count563
\c@listf=\count564
\c@savedlistf=\count565
\c@location=\count566
\c@savedlocation=\count567
\c@organization=\count568
\c@savedorganization=\count569
\c@origlocation=\count570
\c@savedoriglocation=\count571
\c@origpublisher=\count572
\c@savedorigpublisher=\count573
\c@publisher=\count574
\c@savedpublisher=\count575
\c@language=\count576
\c@savedlanguage=\count577
\c@origlanguage=\count578
\c@savedoriglanguage=\count579
\c@pageref=\count580
\c@savedpageref=\count581
\shorthandwidth=\skip370
\shortjournalwidth=\skip371
\shortserieswidth=\skip372
\shorttitlewidth=\skip373
\shortauthorwidth=\skip374
\shorteditorwidth=\skip375
\locallabelnumberwidth=\skip376
\locallabelalphawidth=\skip377
\localshorthandwidth=\skip378
\localshortjournalwidth=\skip379
\localshortserieswidth=\skip380
\localshorttitlewidth=\skip381
\localshortauthorwidth=\skip382
\localshorteditorwidth=\skip383
Package biblatex Info: Trying to load compatibility code...
Package biblatex Info: ... file 'blx-compat.def' found.

("C:\Lgs\LaTeX\MiKTeX 2.9\tex/latex/biblatex\blx-compat.def"
File: blx-compat.def 2018/11/02 v3.12 biblatex compatibility (PK/MW)
)
Package biblatex Info: Trying to load generic definitions...
Package biblatex Info: ... file 'biblatex.def' found.

("C:\Lgs\LaTeX\MiKTeX 2.9\tex/latex/biblatex\biblatex.def"
File: biblatex.def 2018/11/02 v3.12 biblatex compatibility (PK/MW)
\c@textcitecount=\count582
\c@textcitetotal=\count583
\c@textcitemaxnames=\count584
\c@biburlnumpenalty=\count585
\c@biburlucpenalty=\count586
\c@biburllcpenalty=\count587
\c@smartand=\count588
)
Package biblatex Info: Trying to load bibliography style 'numeric'...
Package biblatex Info: ... file 'numeric.bbx' found.

("C:\Lgs\LaTeX\MiKTeX 2.9\tex/latex/biblatex/bbx\numeric.bbx"
File: numeric.bbx 2018/11/02 v3.12 biblatex bibliography style (PK/MW)
Package biblatex Info: Trying to load bibliography style 'standard'...
Package biblatex Info: ... file 'standard.bbx' found.

("C:\Lgs\LaTeX\MiKTeX 2.9\tex/latex/biblatex/bbx\standard.bbx"
File: standard.bbx 2018/11/02 v3.12 biblatex bibliography style (PK/MW)
\c@bbx:relatedcount=\count589
\c@bbx:relatedtotal=\count590
))
Package biblatex Info: Trying to load citation style 'numeric'...
Package biblatex Info: ... file 'numeric.cbx' found.

("C:\Lgs\LaTeX\MiKTeX 2.9\tex/latex/biblatex/cbx\numeric.cbx"
File: numeric.cbx 2018/11/02 v3.12 biblatex citation style (PK/MW)
Package biblatex Info: Redefining '\cite'.
Package biblatex Info: Redefining '\parencite'.
Package biblatex Info: Redefining '\footcite'.
Package biblatex Info: Redefining '\footcitetext'.
Package biblatex Info: Redefining '\smartcite'.
Package biblatex Info: Redefining '\supercite'.
Package biblatex Info: Redefining '\textcite'.
Package biblatex Info: Redefining '\textcites'.
Package biblatex Info: Redefining '\cites'.
Package biblatex Info: Redefining '\parencites'.
Package biblatex Info: Redefining '\smartcites'.
)
Package biblatex Info: Trying to load configuration file...
Package biblatex Info: ... file 'biblatex.cfg' found.

("C:\Lgs\LaTeX\MiKTeX 2.9\tex/latex/biblatex\biblatex.cfg"
File: biblatex.cfg 
))
Package biblatex Info: Trying to load language 'spanish'...
Package biblatex Info: ... file 'spanish.lbx' found.

("C:\Lgs\LaTeX\MiKTeX 2.9\tex/latex/biblatex/lbx\spanish.lbx"
File: spanish.lbx 2018/11/02 v3.12 biblatex localization (PK/MW)
)

Package biblatex Warning: 'babel/polyglossia' detected but 'csquotes' missing.
(biblatex)                Loading 'csquotes' recommended.

\@quotelevel=\count591
\@quotereset=\count592

LaTeX Warning: Unused global option(s):
    [flushbottom,raggedbottom].

(plan-tesis.aux
LaTeX Info: Redefining \sptext on input line 30.
LaTeX Info: Redefining \. on input line 30.
LaTeX Info: Redefining \% on input line 30.
)
\openout1 = `plan-tesis.aux'.

LaTeX Font Info:    Checking defaults for OML/cmm/m/it on input line 79.
LaTeX Font Info:    ... okay on input line 79.
LaTeX Font Info:    Checking defaults for T1/cmr/m/n on input line 79.
LaTeX Font Info:    ... okay on input line 79.
LaTeX Font Info:    Checking defaults for OT1/cmr/m/n on input line 79.
LaTeX Font Info:    ... okay on input line 79.
LaTeX Font Info:    Checking defaults for OMS/cmsy/m/n on input line 79.
LaTeX Font Info:    ... okay on input line 79.
LaTeX Font Info:    Checking defaults for OMX/cmex/m/n on input line 79.
LaTeX Font Info:    ... okay on input line 79.
LaTeX Font Info:    Checking defaults for U/cmr/m/n on input line 79.
LaTeX Font Info:    ... okay on input line 79.
LaTeX Font Info:    Checking defaults for PD1/pdf/m/n on input line 79.
LaTeX Font Info:    ... okay on input line 79.
LaTeX Font Info:    Checking defaults for TS1/cmr/m/n on input line 79.
LaTeX Font Info:    Try loading font information for TS1+cmr on input line 79.
 ("C:\Lgs\LaTeX\MiKTeX 2.9\tex/latex/base\ts1cmr.fd"
File: ts1cmr.fd 2014/09/29 v2.5h Standard LaTeX font definitions
)
LaTeX Font Info:    ... okay on input line 79.
LaTeX Font Info:    Try loading font information for T1+FiraSans-OsF on input l
ine 79.

("C:\Lgs\LaTeX\MiKTeX 2.9\tex/latex/fira\t1firasans-osf.fd"
File: T1FiraSans-OsF.fd 2018/05/23 (autoinst) Font definitions for T1/FiraSans-
OsF.
)
LaTeX Font Info:    Font shape `T1/FiraSans-OsF/m/n' will be
(Font)              scaled to size 10.95pt on input line 79.
LaTeX Info: Redefining \sptext on input line 79.
LaTeX Info: Redefining \. on input line 79.
LaTeX Info: Redefining \% on input line 79.


Package layouts Warning: Layout scale set to 0.5 on input line 79.

LaTeX Info: Redefining \microtypecontext on input line 79.
Package microtype Info: Generating PDF output.
Package microtype Info: Character protrusion enabled (level 2).
Package microtype Info: Using default protrusion set `alltext'.
Package microtype Info: Automatic font expansion enabled (level 2),
(microtype)             stretch: 20, shrink: 20, step: 1, non-selected.
Package microtype Info: Using default expansion set `basictext'.
Package microtype Info: No adjustment of tracking.
Package microtype Info: No adjustment of interword spacing.
Package microtype Info: No adjustment of character kerning.
Package microtype Info: Redefining babel's language switching commands.
Package microtype Info: Loading generic protrusion settings for font family
(microtype)             `FiraSans-OsF' (encoding: T1).
(microtype)             For optimal results, create family-specific settings.
(microtype)             See the microtype manual for details.
ABD: EverySelectfont initializing macros
LaTeX Info: Redefining \selectfont on input line 79.

("C:\Lgs\LaTeX\MiKTeX 2.9\tex/context/base\supp-pdf.mkii"
[Loading MPS to PDF converter (version 2006.09.02).]
\scratchcounter=\count593
\scratchdimen=\dimen363
\scratchbox=\box101
\nofMPsegments=\count594
\nofMParguments=\count595
\everyMPshowfont=\toks56
\MPscratchCnt=\count596
\MPscratchDim=\dimen364
\MPnumerator=\count597
\makeMPintoPDFobject=\count598
\everyMPtoPDFconversion=\toks57
) ("C:\Lgs\LaTeX\MiKTeX 2.9\tex/latex/oberdiek\epstopdf-base.sty"
Package: epstopdf-base 2016/05/15 v2.6 Base part for package epstopdf

("C:\Lgs\LaTeX\MiKTeX 2.9\tex/latex/oberdiek\grfext.sty"
Package: grfext 2016/05/16 v1.2 Manage graphics extensions (HO)
)
Package epstopdf-base Info: Redefining graphics rule for `.eps' on input line 4
38.
Package grfext Info: Graphics extension search list:
(grfext)             [.pdf,.png,.jpg,.mps,.jpeg,.jbig2,.jb2,.PDF,.PNG,.JPG,.JPE
G,.JBIG2,.JB2,.eps]
(grfext)             \AppendGraphicsExtensions on input line 456.
)
ABD: EveryShipout initializing macros

Package pgfplots Warning: running in backwards compatibility mode (unsuitable t
ick labels; missing features). Consider writing \pgfplotsset{compat=1.16} into 
your preamble.
 on input line 79.

\AtBeginShipoutBox=\box102
Package hyperref Info: Link coloring OFF on input line 79.
("C:\Lgs\LaTeX\MiKTeX 2.9\tex/latex/hyperref\nameref.sty"
Package: nameref 2016/05/21 v2.44 Cross-referencing by name of section

("C:\Lgs\LaTeX\MiKTeX 2.9\tex/generic/oberdiek\gettitlestring.sty"
Package: gettitlestring 2016/05/16 v1.5 Cleanup title references (HO)
)
\c@section@level=\count599
)
LaTeX Info: Redefining \ref on input line 79.
LaTeX Info: Redefining \pageref on input line 79.
LaTeX Info: Redefining \nameref on input line 79.

(plan-tesis.out) (plan-tesis.out)
\@outlinefile=\write6
\openout6 = `plan-tesis.out'.

Package caption Info: Begin \AtBeginDocument code.
Package caption Info: End \AtBeginDocument code.


Package todonotes Warning: The length marginparwidth is less than 2cm and will 
most likely cause issues with the appearance of inserted todonotes. The issue c
an be solved by adding a line like \setlength {\marginparwidth }{2cm} prior to 
loading the todonotes package. on input line 79.

Package scrlayer Info: Setting magic \footheight to \baselineskip while
(scrlayer)             \begin{document} on input line 79.
\c@mv@tabular=\count600
\c@mv@boldtabular=\count601
Package biblatex Info: Input encoding 'utf8' detected.
Package biblatex Info: Automatic encoding selection.
(biblatex)             Assuming data encoding 'utf8'.
\openout5 = `plan-tesis.bcf'.

Package biblatex Info: Trying to load bibliographic data...
Package biblatex Info: ... file 'plan-tesis.bbl' found.
(plan-tesis.bbl)
Package biblatex Info: Reference section=0 on input line 79.
Package biblatex Info: Reference segment=0 on input line 79.
 (title-page.tex
<./images/utn-black.png, id=70, 1178.31522pt x 399.84163pt>
File: ./images/utn-black.png Graphic file (type png)
<use ./images/utn-black.png>
Package pdftex.def Info: ./images/utn-black.png  used on input line 6.
(pdftex.def)             Requested size: 142.26378pt x 48.27177pt.

("C:\Lgs\LaTeX\MiKTeX 2.9\tex/latex/microtype\mt-cmr.cfg"
File: mt-cmr.cfg 2013/05/19 v2.2 microtype config. file: Computer Modern Roman 
(RS)
)
LaTeX Font Info:    External font `cmex10' loaded for size
(Font)              <10.95> on input line 7.
LaTeX Font Info:    External font `cmex10' loaded for size
(Font)              <8> on input line 7.
LaTeX Font Info:    External font `cmex10' loaded for size
(Font)              <6> on input line 7.
<./images/MISI3.jpg, id=72, 193.72375pt x 122.4575pt>
File: ./images/MISI3.jpg Graphic file (type jpg)
<use ./images/MISI3.jpg>
Package pdftex.def Info: ./images/MISI3.jpg  used on input line 11.
(pdftex.def)             Requested size: 154.9792pt x 97.96611pt.

Overfull \hbox (3.86975pt too wide) in paragraph at lines 4--13
[]$[]$  $[]$ 
 []

LaTeX Font Info:    Font shape `T1/FiraSans-OsF/m/n' will be
(Font)              scaled to size 14.4pt on input line 22.
LaTeX Font Info:    Font shape `T1/FiraSans-OsF/b/n' will be
(Font)              scaled to size 14.4pt on input line 22.

Underfull \hbox (badness 10000) in paragraph at lines 35--36

 []

LaTeX Font Info:    Font shape `T1/FiraSans-OsF/m/it' will be
(Font)              scaled to size 10.95pt on input line 37.

Underfull \hbox (badness 10000) in paragraph at lines 37--38

 []

LaTeX Font Info:    Font shape `T1/FiraSans-OsF/m/n' will be
(Font)              scaled to size 142.26378pt on input line 38.
[1{C:/Users/Martin/AppData/Local/MiKTeX/2.9/pdftex/config/pdftex.map}

 <./images/utn-black.png> <./images/MISI3.jpg>])
LaTeX Font Info:    Font shape `T1/FiraSans-OsF/m/n' will be
(Font)              scaled to size 24.88pt on input line 89.
LaTeX Font Info:    Font shape `T1/FiraSans-OsF/b/n' will be
(Font)              scaled to size 24.88pt on input line 89.
 (plan-tesis.toc
LaTeX Info: Redefining \sptext on input line 2.
LaTeX Info: Redefining \. on input line 2.
LaTeX Info: Redefining \% on input line 2.
LaTeX Font Info:    Font shape `T1/FiraSans-OsF/b/n' will be
(Font)              scaled to size 10.95pt on input line 4.
)
LaTeX Font Info:    Font shape `T1/FiraSans-OsF/m/sl' in size <10.95> not avail
able
(Font)              Font shape `T1/FiraSans-OsF/m/it' tried instead on input li
ne 90.
LaTeX Font Info:    Font shape `T1/FiraSans-OsF/m/it' will be
(Font)              scaled to size 10.95pt on input line 90.
 [2

] (justificacion.tex
Package hyperref Info: bookmark level for unknown todo defaults to 0 on input l
ine 2.
LaTeX Font Info:    Font shape `T1/FiraSans-OsF/m/n' will be
(Font)              scaled to size 7.0pt on input line 2.
LaTeX Font Info:    Font shape `T1/FiraSans-OsF/m/n' will be
(Font)              scaled to size 8.0pt on input line 13.
LaTeX Font Info:    Font shape `T1/FiraSans-OsF/m/n' will be
(Font)              scaled to size 9.0pt on input line 13.
LaTeX Font Info:    External font `cmex10' loaded for size
(Font)              <9> on input line 13.
LaTeX Font Info:    External font `cmex10' loaded for size
(Font)              <5> on input line 13.
LaTeX Font Info:    Font shape `T1/FiraSans-OsF/m/n' will be
(Font)              scaled to size 6.0pt on input line 13.

Overfull \hbox (19.49103pt too wide) in paragraph at lines 19--20
\T1/FiraSans-OsF/m/n/10.95 (-20) sur-vey (p.e. VVV, https://vvvsurvey.org/ o 
LSST; https://www.lsst.org/)[][][][][][]que
 []

File: ./images/utn-black.png Graphic file (type png)
<use ./images/utn-black.png>
Package pdftex.def Info: ./images/utn-black.png  used on input line 23.
(pdftex.def)             Requested size: 83.83896pt x 28.45274pt.

Package scrlayer-scrpage Warning: \headheight to low.
(scrlayer-scrpage)                At least 29.43687pt needed,
(scrlayer-scrpage)                but only 13.6pt found.
(scrlayer-scrpage)                I'll enlarge \headheight, for further
(scrlayer-scrpage)                processing, but you should do this yourself,
(scrlayer-scrpage)                e.g., using
(scrlayer-scrpage)                  \setlength{\headheight}{29.43687pt}
(scrlayer-scrpage)                in your preamble.
(scrlayer-scrpage)                I'll also decrease \topmargin on input line 2
3.


Overfull \vbox (15.83687pt too high) has occurred while \output is active []


[3]
Package mdframed Info: Not enough space on this page on input line 23.
) (fundamentacion.tex
File: ./images/utn-black.png Graphic file (type png)
<use ./images/utn-black.png>
Package pdftex.def Info: ./images/utn-black.png  used on input line 12.
(pdftex.def)             Requested size: 83.83896pt x 28.45274pt.
 [4]
LaTeX Font Info:    Font shape `T1/FiraSans-OsF/m/n' will be
(Font)              scaled to size 10.0pt on input line 22.
File: ./images/utn-black.png Graphic file (type png)
<use ./images/utn-black.png>
Package pdftex.def Info: ./images/utn-black.png  used on input line 41.
(pdftex.def)             Requested size: 83.83896pt x 28.45274pt.
 [5]) (objetivos.tex
LaTeX Font Info:    Try loading font information for TS1+FiraSans-OsF on input 
line 6.

("C:\Lgs\LaTeX\MiKTeX 2.9\tex/latex/fira\ts1firasans-osf.fd"
File: TS1FiraSans-OsF.fd 2018/05/23 (autoinst) Font definitions for TS1/FiraSan
s-OsF.
)
LaTeX Font Info:    Font shape `TS1/FiraSans-OsF/m/n' will be
(Font)              scaled to size 10.95pt on input line 6.
Package microtype Info: Loading generic protrusion settings for font family
(microtype)             `FiraSans-OsF' (encoding: TS1).
(microtype)             For optimal results, create family-specific settings.
(microtype)             See the microtype manual for details.
) (metodologia.tex
LaTeX Font Info:    Font shape `T1/FiraSans-OsF/m/n' will be
(Font)              scaled to size 12.0pt on input line 6.
LaTeX Font Info:    Font shape `T1/FiraSans-OsF/b/n' will be
(Font)              scaled to size 12.0pt on input line 6.
File: ./images/utn-black.png Graphic file (type png)
<use ./images/utn-black.png>
Package pdftex.def Info: ./images/utn-black.png  used on input line 16.
(pdftex.def)             Requested size: 83.83896pt x 28.45274pt.
[6]) (cronograma.tex)
File: ./images/utn-black.png Graphic file (type png)
<use ./images/utn-black.png>
Package pdftex.def Info: ./images/utn-black.png  used on input line 107.
(pdftex.def)             Requested size: 83.83896pt x 28.45274pt.
 [7] (condiciones-institucionales.tex
Overfull \hbox (87.0614pt too wide) in paragraph at lines 7--24
 [][] 
 []

File: ./images/utn-black.png Graphic file (type png)
<use ./images/utn-black.png>
Package pdftex.def Info: ./images/utn-black.png  used on input line 26.
(pdftex.def)             Requested size: 83.83896pt x 28.45274pt.
[8])
File: ./images/utn-black.png Graphic file (type png)
<use ./images/utn-black.png>
Package pdftex.def Info: ./images/utn-black.png  used on input line 118.
(pdftex.def)             Requested size: 83.83896pt x 28.45274pt.
 [9]
Overfull \hbox (16.51659pt too wide) in paragraph at lines 118--118
\T1/FiraSans-OsF/m/n/10.95 (-20) rent al-go-rithms''. En: \T1/FiraSans-OsF/m/it
/10.95 As-tro-no-mis-che Na-chrich-ten \T1/FiraSans-OsF/m/n/10.95 (-20) 332.2 (
2011), pgs. 172[]184. 
 []

LaTeX Font Info:    Font shape `T1/FiraSans-OsF/m/sc' will be
(Font)              scaled to size 10.95pt on input line 118.
Package microtype Info: Character `029' is missing
(microtype)             in font `T1/FiraSans-OsF/m/sc/10.95'.
(microtype)             Ignoring protrusion settings for this character.
LaTeX Font Info:    Try loading font information for T1+cmtt on input line 118.

("C:\Lgs\LaTeX\MiKTeX 2.9\tex/latex/base\t1cmtt.fd"
File: t1cmtt.fd 2014/09/29 v2.5h Standard LaTeX font definitions
)
Package microtype Info: Loading generic protrusion settings for font family
(microtype)             `cmtt' (encoding: T1).
(microtype)             For optimal results, create family-specific settings.
(microtype)             See the microtype manual for details.


Package biblatex Warning: Option 'resetnumbers' requires 'defernumbers=true'.
(biblatex)                Ignoring 'resetnumbers=true' on input line 121.


Package biblatex Warning: Option 'omitnumbers' requires 'defernumbers=true'.
(biblatex)                Ignoring 'omitnumbers=true' on input line 121.

[10

]
Overfull \hbox (1.57841pt too wide) in paragraph at lines 121--121
[]\T1/FiraSans-OsF/m/n/10.95 (-20) John F So-wa. ``Se-man-tic Net-works''. En: 
\T1/FiraSans-OsF/m/it/10.95 Ency-clo-pe-dia of Cog-ni-ti-ve Scien-
 []

[11

]
File: ./images/utn-black.png Graphic file (type png)
<use ./images/utn-black.png>
Package pdftex.def Info: ./images/utn-black.png  used on input line 121.
(pdftex.def)             Requested size: 83.83896pt x 28.45274pt.
 [12]
Overfull \hbox (10.46164pt too wide) in paragraph at lines 121--121
\T1/FiraSans-OsF/m/it/10.95 multi-conference on sys-te-mics cy-ber-ne-tics and 
in-for-ma-tics (WMS-CI 2013)\T1/FiraSans-OsF/m/n/10.95 (-20) .
 []

File: ./images/utn-black.png Graphic file (type png)
<use ./images/utn-black.png>
Package pdftex.def Info: ./images/utn-black.png  used on input line 121.
(pdftex.def)             Requested size: 83.83896pt x 28.45274pt.
[13]
File: ./images/utn-black.png Graphic file (type png)
<use ./images/utn-black.png>
Package pdftex.def Info: ./images/utn-black.png  used on input line 121.
(pdftex.def)             Requested size: 83.83896pt x 28.45274pt.
 [14]
LaTeX Font Info:    Font shape `TS1/FiraSans-OsF/m/it' will be
(Font)              scaled to size 10.95pt on input line 121.

Overfull \hbox (13.66013pt too wide) in paragraph at lines 121--121
\T1/FiraSans-OsF/m/it/10.95 pu-blis-hed in In-ter-na-tio-nal Jour-nal of Com-pu
-ter Applications\TS1/FiraSans-OsF/m/it/10.95 \T1/FiraSans-OsF/m/it/10.95 (IJC
A)(0975--
 []

LaTeX Font Info:    External font `cmex10' loaded for size
(Font)              <7> on input line 127.
LaTeX Font Info:    Font shape `T1/FiraSans-OsF/m/n' will be
(Font)              scaled to size 5.0pt on input line 127.
File: ./images/utn-black.png Graphic file (type png)
<use ./images/utn-black.png>
Package pdftex.def Info: ./images/utn-black.png  used on input line 133.
(pdftex.def)             Requested size: 83.83896pt x 28.45274pt.
[15]
File: ./images/utn-black.png Graphic file (type png)
<use ./images/utn-black.png>
Package pdftex.def Info: ./images/utn-black.png  used on input line 158.
(pdftex.def)             Requested size: 83.83896pt x 28.45274pt.
 [16]
File: ./images/utn-black.png Graphic file (type png)
<use ./images/utn-black.png>
Package pdftex.def Info: ./images/utn-black.png  used on input line 192.
(pdftex.def)             Requested size: 83.83896pt x 28.45274pt.
 [17] (plan-tesis.tdo) [18

]
\tf@toc=\write7
\openout7 = `plan-tesis.toc'.

\tf@tdo=\write8
\openout8 = `plan-tesis.tdo'.

Package atveryend Info: Empty hook `BeforeClearDocument' on input line 196.
Package atveryend Info: Empty hook `AfterLastShipout' on input line 196.
 (plan-tesis.aux
LaTeX Info: Redefining \sptext on input line 30.
LaTeX Info: Redefining \. on input line 30.
LaTeX Info: Redefining \% on input line 30.
)
Package atveryend Info: Executing hook `AtVeryEndDocument' on input line 196.
Package atveryend Info: Executing hook `AtEndAfterFileList' on input line 196.
Package rerunfilecheck Info: File `plan-tesis.out' has not changed.
(rerunfilecheck)             Checksum: E526A5D6F06EF5F5C3A413DE3794AF88;625.
Package logreq Info: Writing requests to 'plan-tesis.run.xml'.
\openout1 = `plan-tesis.run.xml'.

Package atveryend Info: Empty hook `AtVeryVeryEnd' on input line 196.
 ) 
Here is how much of TeX's memory you used:
 64554 strings out of 492945
 1460535 string characters out of 3137274
 2119120 words of memory out of 3000000
 67230 multiletter control sequences out of 15000+200000
 827447 words of font info for 194 fonts, out of 3000000 for 9000
 1141 hyphenation exceptions out of 8191
 71i,24n,109p,1344b,1957s stack positions out of 5000i,500n,10000p,200000b,50000s
{C:/Lgs/LaTeX/MiKTeX 2.9/fonts/enc/dvips/fira/fir_junpg2.enc} <C:\Users\Marti
n\AppData\Local\MiKTeX\2.9\fonts/pk/ljfour/jknappen/ec/dpi600\ectt1095.pk>{C:/L
gs/LaTeX/MiKTeX 2.9/fonts/enc/dvips/fira/fir_765q6w.enc}{C:/Lgs/LaTeX/MiKTeX 2.
9/fonts/enc/dvips/fira/fir_7gpamp.enc}<C:/Lgs/LaTeX/MiKTeX 2.9/fonts/type1/publ
ic/fira/FiraSans-Bold.pfb><C:/Lgs/LaTeX/MiKTeX 2.9/fonts/type1/public/fira/Fira
Sans-Italic.pfb><C:/Lgs/LaTeX/MiKTeX 2.9/fonts/type1/public/fira/FiraSans-Regul
ar.pfb><C:/Lgs/LaTeX/MiKTeX 2.9/fonts/type1/public/amsfonts/cm/cmsy10.pfb>
Output written on plan-tesis.pdf (18 pages, 423795 bytes).
PDF statistics:
 425 PDF objects out of 1000 (max. 8388607)
 139 named destinations out of 1000 (max. 500000)
 36039 words of extra memory for PDF output out of 42996 (max. 10000000)

